Using pre-set license
Built from '2021.1/release' branch; Version is '2021.1.10f1 (b15f561b2cef) revision 11624278'; Using compiler version '192528614'; Build Type 'Release'
OS: 'Windows 10 Home Single Language; OS build 19043.1288; Version 2009; 64bit' Language: 'es' Physical Memory: 8060 MB
BatchMode: 1, IsHumanControllingUs: 0, StartBugReporterOnCrash: 0, Is64bit: 1, IsPro: 0

 COMMAND LINE ARGUMENTS:
C:\Program Files\Unity\Hub\Editor\2021.1.10f1\Editor\Unity.exe
-adb2
-batchMode
-noUpm
-name
AssetImportWorker1
-projectPath
C:/Users/Acer/Documents/GitHub/Primer-juego
-logFile
Logs/AssetImportWorker1.log
-srvPort
50251
Successfully changed project path to: C:/Users/Acer/Documents/GitHub/Primer-juego
C:/Users/Acer/Documents/GitHub/Primer-juego
Using Asset Import Pipeline V2.
Refreshing native plugins compatible for Editor in 117.52 ms, found 3 plugins.
Preloading 0 native plugins for Editor in 0.00 ms.
Initialize engine version: 2021.1.10f1 (b15f561b2cef)
[Subsystems] Discovering subsystems at path C:/Program Files/Unity/Hub/Editor/2021.1.10f1/Editor/Data/Resources/UnitySubsystems
[Subsystems] Discovering subsystems at path C:/Users/Acer/Documents/GitHub/Primer-juego/Assets
GfxDevice: creating device client; threaded=0; jobified=0
Direct3D:
    Version:  Direct3D 11.0 [level 11.1]
    Renderer: Intel(R) HD Graphics 620 (ID=0x5916)
    Vendor:   Intel
    VRAM:     4030 MB
    Driver:   24.20.100.6286
Initialize mono
Mono path[0] = 'C:/Program Files/Unity/Hub/Editor/2021.1.10f1/Editor/Data/Managed'
Mono path[1] = 'C:/Program Files/Unity/Hub/Editor/2021.1.10f1/Editor/Data/MonoBleedingEdge/lib/mono/unityjit'
Mono config path = 'C:/Program Files/Unity/Hub/Editor/2021.1.10f1/Editor/Data/MonoBleedingEdge/etc'
Using monoOptions --debugger-agent=transport=dt_socket,embedding=1,server=y,suspend=n,address=127.0.0.1:56144
Begin MonoManager ReloadAssembly
Registering precompiled unity dll's ...
Register platform support module: C:/Program Files/Unity/Hub/Editor/2021.1.10f1/Editor/Data/PlaybackEngines/WindowsStandaloneSupport/UnityEditor.WindowsStandalone.Extensions.dll
Registered in 0.002486 seconds.
Native extension for WindowsStandalone target not found
Refreshing native plugins compatible for Editor in 114.90 ms, found 3 plugins.
Preloading 0 native plugins for Editor in 0.00 ms.
Mono: successfully reloaded assembly
- Completed reload, in  1.686 seconds
Domain Reload Profiling:
	ReloadAssembly (1686ms)
		BeginReloadAssembly (79ms)
			ExecutionOrderSort (0ms)
			DisableScriptedObjects (0ms)
			BackupInstance (0ms)
			ReleaseScriptingObjects (0ms)
			CreateAndSetChildDomain (1ms)
		EndReloadAssembly (640ms)
			LoadAssemblies (75ms)
			RebuildTransferFunctionScriptingTraits (0ms)
			SetupTypeCache (233ms)
			ReleaseScriptCaches (0ms)
			RebuildScriptCaches (45ms)
			SetupLoadedEditorAssemblies (299ms)
				LogAssemblyErrors (0ms)
				InitializePlatformSupportModulesInManaged (8ms)
				SetLoadedEditorAssemblies (0ms)
				RefreshPlugins (115ms)
				BeforeProcessingInitializeOnLoad (2ms)
				ProcessInitializeOnLoadAttributes (133ms)
				ProcessInitializeOnLoadMethodAttributes (41ms)
				AfterProcessingInitializeOnLoad (0ms)
				EditorAssembliesLoaded (0ms)
			ExecutionOrderSort2 (0ms)
			AwakeInstancesAfterBackupRestoration (0ms)
Platform modules already initialized, skipping
Registering precompiled user dll's ...
Registered in 0.011829 seconds.
Begin MonoManager ReloadAssembly
Symbol file LoadedFromMemory doesn't match image C:\Users\Acer\Documents\GitHub\Primer-juego\Library\PackageCache\com.unity.visualscripting@1.6.1\Editor\VisualScripting.Core\Dependencies\YamlDotNet\Unity.VisualScripting.YamlDotNet.dll
Symbol file LoadedFromMemory doesn't match image C:\Users\Acer\Documents\GitHub\Primer-juego\Library\PackageCache\com.unity.visualscripting@1.6.1\Editor\VisualScripting.Core\Dependencies\DotNetZip\Unity.VisualScripting.IonicZip.dll
Native extension for WindowsStandalone target not found
Refreshing native plugins compatible for Editor in 0.86 ms, found 3 plugins.
Preloading 0 native plugins for Editor in 0.00 ms.
Mono: successfully reloaded assembly
- Completed reload, in  1.604 seconds
Domain Reload Profiling:
	ReloadAssembly (1604ms)
		BeginReloadAssembly (208ms)
			ExecutionOrderSort (0ms)
			DisableScriptedObjects (8ms)
			BackupInstance (0ms)
			ReleaseScriptingObjects (0ms)
			CreateAndSetChildDomain (29ms)
		EndReloadAssembly (1310ms)
			LoadAssemblies (143ms)
			RebuildTransferFunctionScriptingTraits (0ms)
			SetupTypeCache (504ms)
			ReleaseScriptCaches (1ms)
			RebuildScriptCaches (79ms)
			SetupLoadedEditorAssemblies (435ms)
				LogAssemblyErrors (0ms)
				InitializePlatformSupportModulesInManaged (7ms)
				SetLoadedEditorAssemblies (1ms)
				RefreshPlugins (1ms)
				BeforeProcessingInitializeOnLoad (105ms)
				ProcessInitializeOnLoadAttributes (302ms)
				ProcessInitializeOnLoadMethodAttributes (9ms)
				AfterProcessingInitializeOnLoad (11ms)
				EditorAssembliesLoaded (0ms)
			ExecutionOrderSort2 (0ms)
			AwakeInstancesAfterBackupRestoration (10ms)
Platform modules already initialized, skipping
========================================================================
Worker process is ready to serve import requests
Launched and connected shader compiler UnityShaderCompiler.exe after 0.34 seconds
Refreshing native plugins compatible for Editor in 1.40 ms, found 3 plugins.
Preloading 0 native plugins for Editor in 0.00 ms.
Unloading 3336 Unused Serialized files (Serialized files now loaded: 0)
System memory in use before: 121.5 MB.
System memory in use after: 121.7 MB.

Unloading 41 unused Assets to reduce memory usage. Loaded Objects now: 3764.
Total: 3.264000 ms (FindLiveObjects: 0.334100 ms CreateObjectMapping: 0.167700 ms MarkObjects: 2.677000 ms  DeleteObjects: 0.083900 ms)

AssetImportParameters requested are different than current active one (requested -> active):
  custom:framework-win-MediaFoundation: 216162199b28c13a410421893ffa2e32 -> 
  custom:video-decoder-ogg-theora: a1e56fd34408186e4bbccfd4996cb3dc -> 
  custom:container-muxer-webm: aa71ff27fc2769a1b78a27578f13a17b -> 
  custom:container-demuxer-webm: 4f35f7cbe854078d1ac9338744f61a02 -> 
  custom:container-demuxer-ogg: 62fdf1f143b41e24485cea50d1cbac27 -> 
  custom:video-encoder-webm-vp8: eb34c28f22e8b96e1ab97ce403110664 -> 
  custom:video-codec-MediaFoundation-h265: 746d11721c4dcdbdad8f713fa42b33f4 -> 
  custom:video-decoder-webm-vp8: 9c59270c3fd7afecdb556c50c9e8de78 -> 
  custom:audio-decoder-ogg-vorbis: bf7c407c2cedff20999df2af8eb42d56 -> 
  custom:audio-encoder-webm-vorbis: bf7c407c2cedff20999df2af8eb42d56 -> 
========================================================================
Received Import Request.
  path: Assets/Prefab/Structures/Generador de energia.prefab
  artifactKey: Guid(85a4a7ecc7e43dc499b33e98d3e142a5) Importer(815301076,1909f56bfc062723c751e8b465ee728b)
Start importing Assets/Prefab/Structures/Generador de energia.prefab using Guid(85a4a7ecc7e43dc499b33e98d3e142a5) Importer(815301076,1909f56bfc062723c751e8b465ee728b)  -> (artifact id: '878f47dd8b5ab02c7b2f78272c444740') in 0.890793 seconds 
========================================================================
Received Import Request.
  Time since last request: 52.483970 seconds.
  path: Assets/Sprites/Structures/Techo.fbx
  artifactKey: Guid(b8ab6ff7d75c9fe498520fb72378056d) Importer(815301076,1909f56bfc062723c751e8b465ee728b)
Start importing Assets/Sprites/Structures/Techo.fbx using Guid(b8ab6ff7d75c9fe498520fb72378056d) Importer(815301076,1909f56bfc062723c751e8b465ee728b)  -> (artifact id: '54b25f67796947c76461f91748c37c42') in 0.932205 seconds 
========================================================================
Received Import Request.
  Time since last request: 40.406159 seconds.
  path: Assets/Sprites/Structures/Techo.fbx
  artifactKey: Guid(b8ab6ff7d75c9fe498520fb72378056d) Importer(815301076,1909f56bfc062723c751e8b465ee728b)
Start importing Assets/Sprites/Structures/Techo.fbx using Guid(b8ab6ff7d75c9fe498520fb72378056d) Importer(815301076,1909f56bfc062723c751e8b465ee728b)  -> (artifact id: '7b1c8d01d68ca2a4694783a98e52700b') in 0.176651 seconds 
========================================================================
Received Import Request.
  Time since last request: 2126.184064 seconds.
  path: Assets/Sprites/Structures/Base de hojas.fbx
  artifactKey: Guid(9e83e7648db10ed4e893c215e308daa3) Importer(815301076,1909f56bfc062723c751e8b465ee728b)
Start importing Assets/Sprites/Structures/Base de hojas.fbx using Guid(9e83e7648db10ed4e893c215e308daa3) Importer(815301076,1909f56bfc062723c751e8b465ee728b)  -> (artifact id: '1b064e37938948534a9477dd5d310e0e') in 0.498569 seconds 
========================================================================
Received Import Request.
  Time since last request: 271.981207 seconds.
  path: Assets/Prefab/Structures/New Prefab.prefab
  artifactKey: Guid(c8370d412f437ac4dac55f058babd98b) Importer(815301076,1909f56bfc062723c751e8b465ee728b)
Start importing Assets/Prefab/Structures/New Prefab.prefab using Guid(c8370d412f437ac4dac55f058babd98b) Importer(815301076,1909f56bfc062723c751e8b465ee728b)  -> (artifact id: '88ca28846503504643c8e9b8708fbb72') in 0.730614 seconds 
========================================================================
Received Import Request.
  Time since last request: 13.199598 seconds.
  path: Assets/Prefab/Structures/New Prefab.prefab
  artifactKey: Guid(c8370d412f437ac4dac55f058babd98b) Importer(815301076,1909f56bfc062723c751e8b465ee728b)
Start importing Assets/Prefab/Structures/New Prefab.prefab using Guid(c8370d412f437ac4dac55f058babd98b) Importer(815301076,1909f56bfc062723c751e8b465ee728b)  -> (artifact id: '9b1ea460b85193f4d68cf2a44ce9f203') in 0.060192 seconds 
========================================================================
Received Import Request.
  Time since last request: 19.082431 seconds.
  path: Assets/Prefab/Structures/Base de hojas.prefab
  artifactKey: Guid(c8370d412f437ac4dac55f058babd98b) Importer(815301076,1909f56bfc062723c751e8b465ee728b)
Start importing Assets/Prefab/Structures/Base de hojas.prefab using Guid(c8370d412f437ac4dac55f058babd98b) Importer(815301076,1909f56bfc062723c751e8b465ee728b)  -> (artifact id: 'a5fb68dc6b83b9600d3f10fef0a8d5a3') in 0.022876 seconds 
========================================================================
Received Import Request.
  Time since last request: 78.726955 seconds.
  path: Assets/Prefab/Structures/Base de hojas.prefab
  artifactKey: Guid(c8370d412f437ac4dac55f058babd98b) Importer(815301076,1909f56bfc062723c751e8b465ee728b)
Start importing Assets/Prefab/Structures/Base de hojas.prefab using Guid(c8370d412f437ac4dac55f058babd98b) Importer(815301076,1909f56bfc062723c751e8b465ee728b)  -> (artifact id: '633fb5060c595dc3f99f187c10e8efbb') in 0.030896 seconds 
========================================================================
Received Import Request.
  Time since last request: 419.785130 seconds.
  path: Assets/Prefab/Structures/Base de hojas.prefab
  artifactKey: Guid(c8370d412f437ac4dac55f058babd98b) Importer(815301076,1909f56bfc062723c751e8b465ee728b)
Start importing Assets/Prefab/Structures/Base de hojas.prefab using Guid(c8370d412f437ac4dac55f058babd98b) Importer(815301076,1909f56bfc062723c751e8b465ee728b)  -> (artifact id: '2de2fb29984a9b5ee1350d6a5f9b38b4') in 0.043772 seconds 
========================================================================
Received Import Request.
  Time since last request: 12.646831 seconds.
  path: Assets/Prefab/Structures/Base de hojas.prefab
  artifactKey: Guid(c8370d412f437ac4dac55f058babd98b) Importer(815301076,1909f56bfc062723c751e8b465ee728b)
Start importing Assets/Prefab/Structures/Base de hojas.prefab using Guid(c8370d412f437ac4dac55f058babd98b) Importer(815301076,1909f56bfc062723c751e8b465ee728b)  -> (artifact id: '1ffb6006a8a1f58eb2d7cf00bca55ade') in 0.029653 seconds 
========================================================================
Received Import Request.
  Time since last request: 16.547494 seconds.
  path: Assets/Prefab/Structures/Base de hojas.prefab
  artifactKey: Guid(c8370d412f437ac4dac55f058babd98b) Importer(815301076,1909f56bfc062723c751e8b465ee728b)
Start importing Assets/Prefab/Structures/Base de hojas.prefab using Guid(c8370d412f437ac4dac55f058babd98b) Importer(815301076,1909f56bfc062723c751e8b465ee728b)  -> (artifact id: 'a83f3eecb962e1de082b8b9a06ee8a18') in 0.059747 seconds 
========================================================================
Received Import Request.
  Time since last request: 14.327706 seconds.
  path: Assets/Prefab/Structures/Base de hojas.prefab
  artifactKey: Guid(c8370d412f437ac4dac55f058babd98b) Importer(815301076,1909f56bfc062723c751e8b465ee728b)
Start importing Assets/Prefab/Structures/Base de hojas.prefab using Guid(c8370d412f437ac4dac55f058babd98b) Importer(815301076,1909f56bfc062723c751e8b465ee728b)  -> (artifact id: '9924b0b2eb80a15fe9c1f1c38aa6ffbc') in 0.048204 seconds 
========================================================================
Received Import Request.
  Time since last request: 5.775233 seconds.
  path: Assets/Prefab/Structures/Base de hojas.prefab
  artifactKey: Guid(c8370d412f437ac4dac55f058babd98b) Importer(815301076,1909f56bfc062723c751e8b465ee728b)
Start importing Assets/Prefab/Structures/Base de hojas.prefab using Guid(c8370d412f437ac4dac55f058babd98b) Importer(815301076,1909f56bfc062723c751e8b465ee728b)  -> (artifact id: 'ce4a49531979dc1c0071feb8f2694e24') in 0.043543 seconds 
========================================================================
Received Import Request.
  Time since last request: 3.702762 seconds.
  path: Assets/Prefab/Structures/Base de hojas.prefab
  artifactKey: Guid(c8370d412f437ac4dac55f058babd98b) Importer(815301076,1909f56bfc062723c751e8b465ee728b)
Start importing Assets/Prefab/Structures/Base de hojas.prefab using Guid(c8370d412f437ac4dac55f058babd98b) Importer(815301076,1909f56bfc062723c751e8b465ee728b)  -> (artifact id: '6fc1c290c451be27d35631b4b633910f') in 0.028147 seconds 
========================================================================
Received Import Request.
  Time since last request: 188.578231 seconds.
  path: Assets/Prefab/DoctorSurvivor.prefab
  artifactKey: Guid(49c516905d534d5488f6ec55b13fce07) Importer(815301076,1909f56bfc062723c751e8b465ee728b)
Start importing Assets/Prefab/DoctorSurvivor.prefab using Guid(49c516905d534d5488f6ec55b13fce07) Importer(815301076,1909f56bfc062723c751e8b465ee728b)  -> (artifact id: 'b13ed5146b30dc9f08192ffed07573c1') in 0.668828 seconds 
========================================================================
Received Import Request.
  Time since last request: 0.000804 seconds.
  path: Assets/Prefab/GameManager.prefab
  artifactKey: Guid(e420edee60e788b4a9eabf14cc65bfe0) Importer(815301076,1909f56bfc062723c751e8b465ee728b)
Start importing Assets/Prefab/GameManager.prefab using Guid(e420edee60e788b4a9eabf14cc65bfe0) Importer(815301076,1909f56bfc062723c751e8b465ee728b)  -> (artifact id: '6228d0932c78671592d094800f23a70a') in 0.018190 seconds 
========================================================================
Received Import Request.
  Time since last request: 0.000420 seconds.
  path: Assets/Prefab/SurvivorDoctor.prefab
  artifactKey: Guid(fe07a306ab8faec45b8079f505384b6a) Importer(815301076,1909f56bfc062723c751e8b465ee728b)
Start importing Assets/Prefab/SurvivorDoctor.prefab using Guid(fe07a306ab8faec45b8079f505384b6a) Importer(815301076,1909f56bfc062723c751e8b465ee728b)  -> (artifact id: '6418d36f108fbae768209b477ad4a731') in 0.792919 seconds 
========================================================================
Received Import Request.
  Time since last request: 0.000460 seconds.
  path: Assets/Prefab/PanelPassword.prefab
  artifactKey: Guid(46650eb71f7f499488a48df8719814b4) Importer(815301076,1909f56bfc062723c751e8b465ee728b)
Start importing Assets/Prefab/PanelPassword.prefab using Guid(46650eb71f7f499488a48df8719814b4) Importer(815301076,1909f56bfc062723c751e8b465ee728b)  -> (artifact id: '5ec50ab13f3797cb1a86d7c70680908a') in 0.248950 seconds 
========================================================================
Received Import Request.
  Time since last request: 0.000621 seconds.
  path: Assets/Prefab/ScripterGame.prefab
  artifactKey: Guid(8ee10179fd6b7094a9c79ce9ffd64fb7) Importer(815301076,1909f56bfc062723c751e8b465ee728b)
Start importing Assets/Prefab/ScripterGame.prefab using Guid(8ee10179fd6b7094a9c79ce9ffd64fb7) Importer(815301076,1909f56bfc062723c751e8b465ee728b)  -> (artifact id: 'f8f3f1343f7c67d9a4943e16694c43f4') in 0.024350 seconds 
AssetImportWorkerClient::OnTransportError - code=2 error=End of file
