Using pre-set license
Built from '2021.1/release' branch; Version is '2021.1.10f1 (b15f561b2cef) revision 11624278'; Using compiler version '192528614'; Build Type 'Release'
OS: 'Windows 10 Education; OS build 19042.1288; Version 2009; 64bit' Language: 'es' Physical Memory: 3574 MB
BatchMode: 1, IsHumanControllingUs: 0, StartBugReporterOnCrash: 0, Is64bit: 1, IsPro: 0

 COMMAND LINE ARGUMENTS:
C:\Program Files\Unity\Hub\Editor\2021.1.10f1\Editor\Unity.exe
-adb2
-batchMode
-noUpm
-name
AssetImportWorker265
-projectPath
C:/Users/TOSHIBA/Primer juego
-logFile
Logs/AssetImportWorker265.log
-srvPort
62865
Successfully changed project path to: C:/Users/TOSHIBA/Primer juego
C:/Users/TOSHIBA/Primer juego
Using Asset Import Pipeline V2.
Assertion failed on expression: 'm_ErrorCode == MDB_MAP_RESIZED || !HasAbortingErrors()'

received signal from system: SIGSEGV
Stack trace:
0x00007ff75a94a53c (Unity) StackWalker::GetCurrentCallstack
0x00007ff75a9506d9 (Unity) StackWalker::ShowCallstack
0x00007ff75b145353 (Unity) GetStacktrace
0x00007ff75a949c20 (Unity) winutils::CrashHandler::DefaultSignalHandler
0x00007ff75ccd1b7e (Unity) seh_filter_exe
0x00007ff75cd9a46d (Unity) `__scrt_common_main_seh'::`1'::filt$0
0x00007ff75cc9ea58 (Unity) _C_specific_handler
0x00007ffc046f20cf (ntdll) _chkstk
0x00007ffc046a1454 (ntdll) RtlRaiseException
0x00007ffc046f0bfe (ntdll) KiUserExceptionDispatcher
0x00007ff75b26f83b (Unity) SourceAssetDBReadTxn::SourceAssetDBReadTxn
0x00007ff75b23dad6 (Unity) SyncAssetFoldersWithDB
0x00007ff75b22ccad (Unity) InitializeAssetDatabaseV2
0x00007ff75b1cad35 (Unity) AssetDatabase::InitializeAssetDatabase
0x00007ff75ad3e3a0 (Unity) Application::InitializeProject
0x00007ff75b14e9f7 (Unity) WinMain
0x00007ff75cc7c292 (Unity) __scrt_common_main_seh
0x00007ffc02ec7034 (KERNEL32) BaseThreadInitThunk
0x00007ffc046a2651 (ntdll) RtlUserThreadStart

