Using pre-set license
Built from '2021.1/release' branch; Version is '2021.1.10f1 (b15f561b2cef) revision 11624278'; Using compiler version '192528614'; Build Type 'Release'
OS: 'Windows 10 Home Single Language; OS build 19043.1237; Version 2009; 64bit' Language: 'es' Physical Memory: 8060 MB
BatchMode: 1, IsHumanControllingUs: 0, StartBugReporterOnCrash: 0, Is64bit: 1, IsPro: 0

 COMMAND LINE ARGUMENTS:
C:\Program Files\Unity\Hub\Editor\2021.1.10f1\Editor\Unity.exe
-adb2
-batchMode
-noUpm
-name
AssetImportWorker15
-projectPath
C:/Users/Acer/Documents/GitHub/Primer-juego
-logFile
Logs/AssetImportWorker15.log
-srvPort
60879
Successfully changed project path to: C:/Users/Acer/Documents/GitHub/Primer-juego
C:/Users/Acer/Documents/GitHub/Primer-juego
Using Asset Import Pipeline V2.
