Using pre-set license
Built from '2021.1/release' branch; Version is '2021.1.10f1 (b15f561b2cef) revision 11624278'; Using compiler version '192528614'; Build Type 'Release'
OS: 'Windows 10 Education; OS build 19042.1288; Version 2009; 64bit' Language: 'es' Physical Memory: 3574 MB
BatchMode: 1, IsHumanControllingUs: 0, StartBugReporterOnCrash: 0, Is64bit: 1, IsPro: 0

 COMMAND LINE ARGUMENTS:
C:\Program Files\Unity\Hub\Editor\2021.1.10f1\Editor\Unity.exe
-adb2
-batchMode
-noUpm
-name
AssetImportWorker61
-projectPath
C:/Users/TOSHIBA/Primer juego
-logFile
Logs/AssetImportWorker61.log
-srvPort
55678
Successfully changed project path to: C:/Users/TOSHIBA/Primer juego
C:/Users/TOSHIBA/Primer juego
Using Asset Import Pipeline V2.
Refreshing native plugins compatible for Editor in 868.78 ms, found 3 plugins.
Preloading 0 native plugins for Editor in 0.00 ms.
Initialize engine version: 2021.1.10f1 (b15f561b2cef)
[Subsystems] Discovering subsystems at path C:/Program Files/Unity/Hub/Editor/2021.1.10f1/Editor/Data/Resources/UnitySubsystems
[Subsystems] Discovering subsystems at path C:/Users/TOSHIBA/Primer juego/Assets
GfxDevice: creating device client; threaded=0; jobified=0
Direct3D:
    Version:  Direct3D 11.0 [level 11.0]
    Renderer: AMD Radeon HD 6310 Graphics (ID=0x9802)
    Vendor:   ATI
    VRAM:     373 MB
    Driver:   15.201.1151.0
Initialize mono
Mono path[0] = 'C:/Program Files/Unity/Hub/Editor/2021.1.10f1/Editor/Data/Managed'
Mono path[1] = 'C:/Program Files/Unity/Hub/Editor/2021.1.10f1/Editor/Data/MonoBleedingEdge/lib/mono/unityjit'
Mono config path = 'C:/Program Files/Unity/Hub/Editor/2021.1.10f1/Editor/Data/MonoBleedingEdge/etc'
Using monoOptions --debugger-agent=transport=dt_socket,embedding=1,server=y,suspend=n,address=127.0.0.1:56804
Begin MonoManager ReloadAssembly
Registering precompiled unity dll's ...
Registered in 0.009644 seconds.
Refreshing native plugins compatible for Editor in 548.04 ms, found 3 plugins.
Preloading 0 native plugins for Editor in 0.00 ms.
Mono: successfully reloaded assembly
- Completed reload, in  8.223 seconds
Domain Reload Profiling:
	ReloadAssembly (8224ms)
		BeginReloadAssembly (386ms)
			ExecutionOrderSort (0ms)
			DisableScriptedObjects (0ms)
			BackupInstance (0ms)
			ReleaseScriptingObjects (0ms)
			CreateAndSetChildDomain (4ms)
		EndReloadAssembly (3316ms)
			LoadAssemblies (367ms)
			RebuildTransferFunctionScriptingTraits (1ms)
			SetupTypeCache (1244ms)
			ReleaseScriptCaches (0ms)
			RebuildScriptCaches (211ms)
			SetupLoadedEditorAssemblies (1529ms)
				LogAssemblyErrors (0ms)
				InitializePlatformSupportModulesInManaged (13ms)
				SetLoadedEditorAssemblies (1ms)
				RefreshPlugins (548ms)
				BeforeProcessingInitializeOnLoad (8ms)
				ProcessInitializeOnLoadAttributes (723ms)
				ProcessInitializeOnLoadMethodAttributes (234ms)
				AfterProcessingInitializeOnLoad (0ms)
				EditorAssembliesLoaded (1ms)
			ExecutionOrderSort2 (0ms)
			AwakeInstancesAfterBackupRestoration (0ms)
Platform modules already initialized, skipping
Registering precompiled user dll's ...
Registered in 0.052805 seconds.
Begin MonoManager ReloadAssembly
Symbol file LoadedFromMemory doesn't match image C:\Users\TOSHIBA\Primer juego\Library\PackageCache\com.unity.visualscripting@1.6.1\Editor\VisualScripting.Core\Dependencies\YamlDotNet\Unity.VisualScripting.YamlDotNet.dll
Symbol file LoadedFromMemory doesn't match image C:\Users\TOSHIBA\Primer juego\Library\PackageCache\com.unity.visualscripting@1.6.1\Editor\VisualScripting.Core\Dependencies\DotNetZip\Unity.VisualScripting.IonicZip.dll
Refreshing native plugins compatible for Editor in 3.93 ms, found 3 plugins.
Preloading 0 native plugins for Editor in 0.00 ms.
Mono: successfully reloaded assembly
- Completed reload, in  9.069 seconds
Domain Reload Profiling:
	ReloadAssembly (9072ms)
		BeginReloadAssembly (1316ms)
			ExecutionOrderSort (0ms)
			DisableScriptedObjects (36ms)
			BackupInstance (0ms)
			ReleaseScriptingObjects (1ms)
			CreateAndSetChildDomain (109ms)
		EndReloadAssembly (7321ms)
			LoadAssemblies (677ms)
			RebuildTransferFunctionScriptingTraits (0ms)
			SetupTypeCache (2954ms)
			ReleaseScriptCaches (2ms)
			RebuildScriptCaches (390ms)
			SetupLoadedEditorAssemblies (2568ms)
				LogAssemblyErrors (0ms)
				InitializePlatformSupportModulesInManaged (13ms)
				SetLoadedEditorAssemblies (3ms)
				RefreshPlugins (4ms)
				BeforeProcessingInitializeOnLoad (482ms)
				ProcessInitializeOnLoadAttributes (1964ms)
				ProcessInitializeOnLoadMethodAttributes (55ms)
				AfterProcessingInitializeOnLoad (45ms)
				EditorAssembliesLoaded (2ms)
			ExecutionOrderSort2 (0ms)
			AwakeInstancesAfterBackupRestoration (46ms)
Platform modules already initialized, skipping
========================================================================
Worker process is ready to serve import requests
Launched and connected shader compiler UnityShaderCompiler.exe after 1.00 seconds
Refreshing native plugins compatible for Editor in 4.86 ms, found 3 plugins.
Preloading 0 native plugins for Editor in 0.00 ms.
Unloading 3335 Unused Serialized files (Serialized files now loaded: 0)
System memory in use before: 141.4 MB.
System memory in use after: 141.6 MB.

Unloading 40 unused Assets to reduce memory usage. Loaded Objects now: 3792.
Total: 14.330400 ms (FindLiveObjects: 1.884600 ms CreateObjectMapping: 1.002000 ms MarkObjects: 11.275300 ms  DeleteObjects: 0.160800 ms)

AssetImportParameters requested are different than current active one (requested -> active):
  custom:framework-win-MediaFoundation: 216162199b28c13a410421893ffa2e32 -> 
  custom:video-decoder-ogg-theora: a1e56fd34408186e4bbccfd4996cb3dc -> 
  custom:container-muxer-webm: aa71ff27fc2769a1b78a27578f13a17b -> 
  custom:container-demuxer-webm: 4f35f7cbe854078d1ac9338744f61a02 -> 
  custom:container-demuxer-ogg: 62fdf1f143b41e24485cea50d1cbac27 -> 
  custom:video-encoder-webm-vp8: eb34c28f22e8b96e1ab97ce403110664 -> 
  custom:video-decoder-webm-vp8: 9c59270c3fd7afecdb556c50c9e8de78 -> 
  custom:audio-decoder-ogg-vorbis: bf7c407c2cedff20999df2af8eb42d56 -> 
  custom:audio-encoder-webm-vorbis: bf7c407c2cedff20999df2af8eb42d56 -> 
========================================================================
Received Import Request.
  path: Assets/Scripts/Misions/MisionMotor.cs
  artifactKey: Guid(7afe0f481b1e9d845b5e223e947bab32) Importer(815301076,1909f56bfc062723c751e8b465ee728b)
Start importing Assets/Scripts/Misions/MisionMotor.cs using Guid(7afe0f481b1e9d845b5e223e947bab32) Importer(815301076,1909f56bfc062723c751e8b465ee728b)  -> (artifact id: '3e782c2bad2049f0f5773e7a69230028') in 0.591173 seconds 
========================================================================
Received Import Request.
  Time since last request: 1300.518811 seconds.
  path: ProjectSettings/TagManager.asset
  artifactKey: Guid(00000000000000003000000000000000) Importer(815301076,1909f56bfc062723c751e8b465ee728b)
Start importing ProjectSettings/TagManager.asset using Guid(00000000000000003000000000000000) Importer(815301076,1909f56bfc062723c751e8b465ee728b)  -> (artifact id: '7b916930bce9a9a9969e133062fc35bb') in 0.366357 seconds 
========================================================================
Received Import Request.
  Time since last request: 1236.990631 seconds.
  path: Assets/Scripts/Options menú/ObjectsChangeSceneControl.cs
  artifactKey: Guid(028068360cc0744428c54c240b934d06) Importer(815301076,1909f56bfc062723c751e8b465ee728b)
Start importing Assets/Scripts/Options menú/ObjectsChangeSceneControl.cs using Guid(028068360cc0744428c54c240b934d06) Importer(815301076,1909f56bfc062723c751e8b465ee728b)  -> (artifact id: 'c632001fd88acca35c6a462a5b917daa') in 0.158751 seconds 
========================================================================
Received Import Request.
  Time since last request: 0.985118 seconds.
  path: Assets/Scripts/Options menú/OptionsControl.cs
  artifactKey: Guid(75d9a63d4f7b0de438260ca65a686e9b) Importer(815301076,1909f56bfc062723c751e8b465ee728b)
Start importing Assets/Scripts/Options menú/OptionsControl.cs using Guid(75d9a63d4f7b0de438260ca65a686e9b) Importer(815301076,1909f56bfc062723c751e8b465ee728b)  -> (artifact id: '548b6d49b0d219a9a9103eb2afc90e4c') in 0.094060 seconds 
========================================================================
Received Import Request.
  Time since last request: 1.302135 seconds.
  path: Assets/Scripts/Options menú/OptionsGameButtom.cs
  artifactKey: Guid(0d44304859c40d84dbb10e8ac7eb415e) Importer(815301076,1909f56bfc062723c751e8b465ee728b)
Start importing Assets/Scripts/Options menú/OptionsGameButtom.cs using Guid(0d44304859c40d84dbb10e8ac7eb415e) Importer(815301076,1909f56bfc062723c751e8b465ee728b)  -> (artifact id: '407c00600b7471b4fd08bc7570edb65e') in 0.115621 seconds 
========================================================================
Received Import Request.
  Time since last request: 0.745855 seconds.
  path: Assets/Scripts/Options menú/PlayButtomControl.cs
  artifactKey: Guid(d56076eabcdeef14b9b8cb8aed23377f) Importer(815301076,1909f56bfc062723c751e8b465ee728b)
Start importing Assets/Scripts/Options menú/PlayButtomControl.cs using Guid(d56076eabcdeef14b9b8cb8aed23377f) Importer(815301076,1909f56bfc062723c751e8b465ee728b)  -> (artifact id: 'f34d9790ae817dcd5f344b3b0d13dce2') in 0.070497 seconds 
========================================================================
Received Import Request.
  Time since last request: 0.739640 seconds.
  path: Assets/Scripts/Options menú/QualityControl.cs
  artifactKey: Guid(8788cc8ec7066904ba9622f45629f00a) Importer(815301076,1909f56bfc062723c751e8b465ee728b)
Start importing Assets/Scripts/Options menú/QualityControl.cs using Guid(8788cc8ec7066904ba9622f45629f00a) Importer(815301076,1909f56bfc062723c751e8b465ee728b)  -> (artifact id: '741971a88bea984e501c5f0e46eaf3db') in 0.069704 seconds 
========================================================================
Received Import Request.
  Time since last request: 1.465913 seconds.
  path: Assets/Scripts/Options menú/VolumeControl.cs
  artifactKey: Guid(e19e956b5304955418bb2118a5b7c77c) Importer(815301076,1909f56bfc062723c751e8b465ee728b)
Start importing Assets/Scripts/Options menú/VolumeControl.cs using Guid(e19e956b5304955418bb2118a5b7c77c) Importer(815301076,1909f56bfc062723c751e8b465ee728b)  -> (artifact id: '6e78be8dfc446861832fb6e0957155a8') in 0.069452 seconds 
========================================================================
Received Prepare
Registering precompiled user dll's ...
Registered in 0.491717 seconds.
Begin MonoManager ReloadAssembly
Symbol file LoadedFromMemory doesn't match image C:\Users\TOSHIBA\Primer juego\Library\PackageCache\com.unity.visualscripting@1.6.1\Editor\VisualScripting.Core\Dependencies\YamlDotNet\Unity.VisualScripting.YamlDotNet.dll
Symbol file LoadedFromMemory doesn't match image C:\Users\TOSHIBA\Primer juego\Library\PackageCache\com.unity.visualscripting@1.6.1\Editor\VisualScripting.Core\Dependencies\DotNetZip\Unity.VisualScripting.IonicZip.dll
Refreshing native plugins compatible for Editor in 4.86 ms, found 3 plugins.
Preloading 0 native plugins for Editor in 0.00 ms.
Mono: successfully reloaded assembly
- Completed reload, in 22.483 seconds
Domain Reload Profiling:
	ReloadAssembly (22533ms)
		BeginReloadAssembly (10301ms)
			ExecutionOrderSort (0ms)
			DisableScriptedObjects (765ms)
			BackupInstance (0ms)
			ReleaseScriptingObjects (17ms)
			CreateAndSetChildDomain (5760ms)
		EndReloadAssembly (11304ms)
			LoadAssemblies (1175ms)
			RebuildTransferFunctionScriptingTraits (1ms)
			SetupTypeCache (3766ms)
			ReleaseScriptCaches (5ms)
			RebuildScriptCaches (408ms)
			SetupLoadedEditorAssemblies (4636ms)
				LogAssemblyErrors (0ms)
				InitializePlatformSupportModulesInManaged (95ms)
				SetLoadedEditorAssemblies (4ms)
				RefreshPlugins (5ms)
				BeforeProcessingInitializeOnLoad (471ms)
				ProcessInitializeOnLoadAttributes (3549ms)
				ProcessInitializeOnLoadMethodAttributes (305ms)
				AfterProcessingInitializeOnLoad (205ms)
				EditorAssembliesLoaded (2ms)
			ExecutionOrderSort2 (0ms)
			AwakeInstancesAfterBackupRestoration (76ms)
Platform modules already initialized, skipping
Switching build target platform(19) subTarget(0) extendedPlatform(0) -> platform(13) subTarget(537395200) extendedPlatform(0)
Refreshing native plugins compatible for Editor in 4.03 ms, found 3 plugins.
Preloading 0 native plugins for Editor in 0.00 ms.
Unloading 3318 Unused Serialized files (Serialized files now loaded: 0)
System memory in use before: 139.6 MB.
System memory in use after: 139.8 MB.

Unloading 36 unused Assets to reduce memory usage. Loaded Objects now: 3796.
Total: 43.792200 ms (FindLiveObjects: 1.966400 ms CreateObjectMapping: 0.968400 ms MarkObjects: 40.612400 ms  DeleteObjects: 0.235900 ms)

AssetImportParameters requested are different than current active one (requested -> active):
  custom:framework-win-MediaFoundation: 216162199b28c13a410421893ffa2e32 -> 
  custom:video-decoder-ogg-theora: a1e56fd34408186e4bbccfd4996cb3dc -> 
  custom:container-muxer-webm: aa71ff27fc2769a1b78a27578f13a17b -> 
  custom:container-demuxer-webm: 4f35f7cbe854078d1ac9338744f61a02 -> 
  custom:container-demuxer-ogg: 62fdf1f143b41e24485cea50d1cbac27 -> 
  custom:video-encoder-webm-vp8: eb34c28f22e8b96e1ab97ce403110664 -> 
  custom:video-decoder-webm-vp8: 9c59270c3fd7afecdb556c50c9e8de78 -> 
  custom:graphics/normal-map-encoding: 01000000000000000000000000000000 -> 02000000000000000000000000000000
  custom:audio-decoder-ogg-vorbis: bf7c407c2cedff20999df2af8eb42d56 -> 
  custom:audio-encoder-webm-vorbis: bf7c407c2cedff20999df2af8eb42d56 -> 
AssetImportWorkerClient::OnTransportError - code=2 error=End of file
