Using pre-set license
Built from '2021.1/release' branch; Version is '2021.1.10f1 (b15f561b2cef) revision 11624278'; Using compiler version '192528614'; Build Type 'Release'
OS: 'Windows 10 Education; OS build 19042.1288; Version 2009; 64bit' Language: 'es' Physical Memory: 3574 MB
BatchMode: 1, IsHumanControllingUs: 0, StartBugReporterOnCrash: 0, Is64bit: 1, IsPro: 0

 COMMAND LINE ARGUMENTS:
C:\Program Files\Unity\Hub\Editor\2021.1.10f1\Editor\Unity.exe
-adb2
-batchMode
-noUpm
-name
AssetImportWorker130
-projectPath
C:/Users/TOSHIBA/Primer juego
-logFile
Logs/AssetImportWorker130.log
-srvPort
55408
Successfully changed project path to: C:/Users/TOSHIBA/Primer juego
C:/Users/TOSHIBA/Primer juego
Using Asset Import Pipeline V2.
Assertion failed on expression: 'm_ErrorCode == MDB_MAP_RESIZED || !HasAbortingErrors()'

received signal from system: SIGSEGV
Stack trace:
0x00007ff7dc51a53c (Unity) StackWalker::GetCurrentCallstack
0x00007ff7dc5206d9 (Unity) StackWalker::ShowCallstack
0x00007ff7dcd15353 (Unity) GetStacktrace
0x00007ff7dc519c20 (Unity) winutils::CrashHandler::DefaultSignalHandler
0x00007ff7de8a1b7e (Unity) seh_filter_exe
0x00007ff7de96a46d (Unity) `__scrt_common_main_seh'::`1'::filt$0
0x00007ff7de86ea58 (Unity) _C_specific_handler
0x00007ff9542b20cf (ntdll) _chkstk
0x00007ff954261454 (ntdll) RtlRaiseException
0x00007ff9542b0bfe (ntdll) KiUserExceptionDispatcher
0x00007ff7dce3f83b (Unity) SourceAssetDBReadTxn::SourceAssetDBReadTxn
0x00007ff7dce0dad6 (Unity) SyncAssetFoldersWithDB
0x00007ff7dcdfccad (Unity) InitializeAssetDatabaseV2
0x00007ff7dcd9ad35 (Unity) AssetDatabase::InitializeAssetDatabase
0x00007ff7dc90e3a0 (Unity) Application::InitializeProject
0x00007ff7dcd1e9f7 (Unity) WinMain
0x00007ff7de84c292 (Unity) __scrt_common_main_seh
0x00007ff952277034 (KERNEL32) BaseThreadInitThunk
0x00007ff954262651 (ntdll) RtlUserThreadStart

