Using pre-set license
Built from '2021.1/release' branch; Version is '2021.1.10f1 (b15f561b2cef) revision 11624278'; Using compiler version '192528614'; Build Type 'Release'
OS: 'Windows 10 Education; OS build 19042.1288; Version 2009; 64bit' Language: 'es' Physical Memory: 3574 MB
BatchMode: 1, IsHumanControllingUs: 0, StartBugReporterOnCrash: 0, Is64bit: 1, IsPro: 0

 COMMAND LINE ARGUMENTS:
C:\Program Files\Unity\Hub\Editor\2021.1.10f1\Editor\Unity.exe
-adb2
-batchMode
-noUpm
-name
AssetImportWorker68
-projectPath
C:/Users/TOSHIBA/Primer juego
-logFile
Logs/AssetImportWorker68.log
-srvPort
53762
Successfully changed project path to: C:/Users/TOSHIBA/Primer juego
C:/Users/TOSHIBA/Primer juego
Using Asset Import Pipeline V2.
Refreshing native plugins compatible for Editor in 947.59 ms, found 3 plugins.
Preloading 0 native plugins for Editor in 0.00 ms.
Initialize engine version: 2021.1.10f1 (b15f561b2cef)
[Subsystems] Discovering subsystems at path C:/Program Files/Unity/Hub/Editor/2021.1.10f1/Editor/Data/Resources/UnitySubsystems
[Subsystems] Discovering subsystems at path C:/Users/TOSHIBA/Primer juego/Assets
GfxDevice: creating device client; threaded=0; jobified=0
Direct3D:
    Version:  Direct3D 11.0 [level 11.0]
    Renderer: AMD Radeon HD 6310 Graphics (ID=0x9802)
    Vendor:   ATI
    VRAM:     373 MB
    Driver:   15.201.1151.0
Initialize mono
Mono path[0] = 'C:/Program Files/Unity/Hub/Editor/2021.1.10f1/Editor/Data/Managed'
Mono path[1] = 'C:/Program Files/Unity/Hub/Editor/2021.1.10f1/Editor/Data/MonoBleedingEdge/lib/mono/unityjit'
Mono config path = 'C:/Program Files/Unity/Hub/Editor/2021.1.10f1/Editor/Data/MonoBleedingEdge/etc'
Using monoOptions --debugger-agent=transport=dt_socket,embedding=1,server=y,suspend=n,address=127.0.0.1:56232
Begin MonoManager ReloadAssembly
Registering precompiled unity dll's ...
Registered in 0.009671 seconds.
Refreshing native plugins compatible for Editor in 551.58 ms, found 3 plugins.
Preloading 0 native plugins for Editor in 0.00 ms.
Mono: successfully reloaded assembly
- Completed reload, in  8.269 seconds
Domain Reload Profiling:
	ReloadAssembly (8270ms)
		BeginReloadAssembly (402ms)
			ExecutionOrderSort (0ms)
			DisableScriptedObjects (0ms)
			BackupInstance (0ms)
			ReleaseScriptingObjects (0ms)
			CreateAndSetChildDomain (5ms)
		EndReloadAssembly (3390ms)
			LoadAssemblies (385ms)
			RebuildTransferFunctionScriptingTraits (1ms)
			SetupTypeCache (1255ms)
			ReleaseScriptCaches (0ms)
			RebuildScriptCaches (205ms)
			SetupLoadedEditorAssemblies (1575ms)
				LogAssemblyErrors (0ms)
				InitializePlatformSupportModulesInManaged (13ms)
				SetLoadedEditorAssemblies (1ms)
				RefreshPlugins (552ms)
				BeforeProcessingInitializeOnLoad (8ms)
				ProcessInitializeOnLoadAttributes (770ms)
				ProcessInitializeOnLoadMethodAttributes (229ms)
				AfterProcessingInitializeOnLoad (0ms)
				EditorAssembliesLoaded (1ms)
			ExecutionOrderSort2 (0ms)
			AwakeInstancesAfterBackupRestoration (0ms)
Platform modules already initialized, skipping
Registering precompiled user dll's ...
Registered in 0.053022 seconds.
Begin MonoManager ReloadAssembly
Symbol file LoadedFromMemory doesn't match image C:\Users\TOSHIBA\Primer juego\Library\PackageCache\com.unity.visualscripting@1.6.1\Editor\VisualScripting.Core\Dependencies\YamlDotNet\Unity.VisualScripting.YamlDotNet.dll
Symbol file LoadedFromMemory doesn't match image C:\Users\TOSHIBA\Primer juego\Library\PackageCache\com.unity.visualscripting@1.6.1\Editor\VisualScripting.Core\Dependencies\DotNetZip\Unity.VisualScripting.IonicZip.dll
Refreshing native plugins compatible for Editor in 3.96 ms, found 3 plugins.
Preloading 0 native plugins for Editor in 0.00 ms.
Mono: successfully reloaded assembly
- Completed reload, in 19.095 seconds
Domain Reload Profiling:
	ReloadAssembly (19098ms)
		BeginReloadAssembly (4723ms)
			ExecutionOrderSort (0ms)
			DisableScriptedObjects (32ms)
			BackupInstance (0ms)
			ReleaseScriptingObjects (1ms)
			CreateAndSetChildDomain (3732ms)
		EndReloadAssembly (13939ms)
			LoadAssemblies (927ms)
			RebuildTransferFunctionScriptingTraits (0ms)
			SetupTypeCache (2858ms)
			ReleaseScriptCaches (2ms)
			RebuildScriptCaches (391ms)
			SetupLoadedEditorAssemblies (8947ms)
				LogAssemblyErrors (0ms)
				InitializePlatformSupportModulesInManaged (12ms)
				SetLoadedEditorAssemblies (3ms)
				RefreshPlugins (4ms)
				BeforeProcessingInitializeOnLoad (529ms)
				ProcessInitializeOnLoadAttributes (8228ms)
				ProcessInitializeOnLoadMethodAttributes (123ms)
				AfterProcessingInitializeOnLoad (45ms)
				EditorAssembliesLoaded (2ms)
			ExecutionOrderSort2 (0ms)
			AwakeInstancesAfterBackupRestoration (47ms)
Platform modules already initialized, skipping
========================================================================
Worker process is ready to serve import requests
Launched and connected shader compiler UnityShaderCompiler.exe after 6.81 seconds
Refreshing native plugins compatible for Editor in 3.69 ms, found 3 plugins.
Preloading 0 native plugins for Editor in 0.00 ms.
Unloading 3335 Unused Serialized files (Serialized files now loaded: 0)
System memory in use before: 142.9 MB.
System memory in use after: 143.1 MB.

Unloading 40 unused Assets to reduce memory usage. Loaded Objects now: 3791.
Total: 100.920500 ms (FindLiveObjects: 1.896700 ms CreateObjectMapping: 0.960900 ms MarkObjects: 97.908200 ms  DeleteObjects: 0.147800 ms)

AssetImportParameters requested are different than current active one (requested -> active):
  custom:framework-win-MediaFoundation: 216162199b28c13a410421893ffa2e32 -> 
  custom:video-decoder-ogg-theora: a1e56fd34408186e4bbccfd4996cb3dc -> 
  custom:container-muxer-webm: aa71ff27fc2769a1b78a27578f13a17b -> 
  custom:container-demuxer-webm: 4f35f7cbe854078d1ac9338744f61a02 -> 
  custom:container-demuxer-ogg: 62fdf1f143b41e24485cea50d1cbac27 -> 
  custom:video-encoder-webm-vp8: eb34c28f22e8b96e1ab97ce403110664 -> 
  custom:video-decoder-webm-vp8: 9c59270c3fd7afecdb556c50c9e8de78 -> 
  custom:audio-decoder-ogg-vorbis: bf7c407c2cedff20999df2af8eb42d56 -> 
  custom:audio-encoder-webm-vorbis: bf7c407c2cedff20999df2af8eb42d56 -> 
========================================================================
Received Import Request.
  path: Assets/Scripts/Server/PlayerNickInput.cs
  artifactKey: Guid(79196bf8078781747a3b91119f97d7c3) Importer(815301076,1909f56bfc062723c751e8b465ee728b)
Start importing Assets/Scripts/Server/PlayerNickInput.cs using Guid(79196bf8078781747a3b91119f97d7c3) Importer(815301076,1909f56bfc062723c751e8b465ee728b)  -> (artifact id: '732274823ebfa2240a16cc4a06586673') in 1.344853 seconds 
========================================================================
Received Import Request.
  Time since last request: 0.001307 seconds.
  path: Assets/Scripts/Server
  artifactKey: Guid(a45f087fe5a702641b06573c329d4267) Importer(815301076,1909f56bfc062723c751e8b465ee728b)
Start importing Assets/Scripts/Server using Guid(a45f087fe5a702641b06573c329d4267) Importer(815301076,1909f56bfc062723c751e8b465ee728b)  -> (artifact id: '39fbecc52bb06b33751bded30ef6be55') in 0.585888 seconds 
========================================================================
Received Import Request.
  Time since last request: 89.424968 seconds.
  path: Assets/Scripts/GameManager.cs
  artifactKey: Guid(349f2dfed36f2a0458fc94fef173fa8c) Importer(815301076,1909f56bfc062723c751e8b465ee728b)
Start importing Assets/Scripts/GameManager.cs using Guid(349f2dfed36f2a0458fc94fef173fa8c) Importer(815301076,1909f56bfc062723c751e8b465ee728b)  -> (artifact id: 'e160aa022f3834e4773fb840969e5fae') in 0.248968 seconds 
========================================================================
Received Import Request.
  Time since last request: 44.740702 seconds.
  path: Assets/Scripts/Server/Server.cs
  artifactKey: Guid(572721042503d8148be050b167dc7fdd) Importer(815301076,1909f56bfc062723c751e8b465ee728b)
Start importing Assets/Scripts/Server/Server.cs using Guid(572721042503d8148be050b167dc7fdd) Importer(815301076,1909f56bfc062723c751e8b465ee728b)  -> (artifact id: '56ecd4cba7445362711837df0f8a2bda') in 0.025584 seconds 
