Using pre-set license
Built from '2021.1/release' branch; Version is '2021.1.10f1 (b15f561b2cef) revision 11624278'; Using compiler version '192528614'; Build Type 'Release'
OS: 'Windows 10 Education; OS build 19042.1237; Version 2009; 64bit' Language: 'es' Physical Memory: 3574 MB
BatchMode: 1, IsHumanControllingUs: 0, StartBugReporterOnCrash: 0, Is64bit: 1, IsPro: 0

 COMMAND LINE ARGUMENTS:
C:\Program Files\Unity\Hub\Editor\2021.1.10f1\Editor\Unity.exe
-adb2
-batchMode
-noUpm
-name
AssetImportWorker13
-projectPath
C:/Users/TOSHIBA/Primer juego
-logFile
Logs/AssetImportWorker13.log
-srvPort
54564
Successfully changed project path to: C:/Users/TOSHIBA/Primer juego
C:/Users/TOSHIBA/Primer juego
Using Asset Import Pipeline V2.
Refreshing native plugins compatible for Editor in 732.81 ms, found 3 plugins.
Preloading 0 native plugins for Editor in 0.00 ms.
Initialize engine version: 2021.1.10f1 (b15f561b2cef)
[Subsystems] Discovering subsystems at path C:/Program Files/Unity/Hub/Editor/2021.1.10f1/Editor/Data/Resources/UnitySubsystems
[Subsystems] Discovering subsystems at path C:/Users/TOSHIBA/Primer juego/Assets
GfxDevice: creating device client; threaded=0; jobified=0
Direct3D:
    Version:  Direct3D 11.0 [level 11.0]
    Renderer: AMD Radeon HD 6310 Graphics (ID=0x9802)
    Vendor:   ATI
    VRAM:     373 MB
    Driver:   15.201.1151.0
Initialize mono
Mono path[0] = 'C:/Program Files/Unity/Hub/Editor/2021.1.10f1/Editor/Data/Managed'
Mono path[1] = 'C:/Program Files/Unity/Hub/Editor/2021.1.10f1/Editor/Data/MonoBleedingEdge/lib/mono/unityjit'
Mono config path = 'C:/Program Files/Unity/Hub/Editor/2021.1.10f1/Editor/Data/MonoBleedingEdge/etc'
Using monoOptions --debugger-agent=transport=dt_socket,embedding=1,server=y,suspend=n,address=127.0.0.1:56048
Begin MonoManager ReloadAssembly
Registering precompiled unity dll's ...
Registered in 0.010588 seconds.
Refreshing native plugins compatible for Editor in 526.84 ms, found 3 plugins.
Preloading 0 native plugins for Editor in 0.00 ms.
Mono: successfully reloaded assembly
- Completed reload, in  8.665 seconds
Domain Reload Profiling:
	ReloadAssembly (8667ms)
		BeginReloadAssembly (404ms)
			ExecutionOrderSort (0ms)
			DisableScriptedObjects (0ms)
			BackupInstance (0ms)
			ReleaseScriptingObjects (0ms)
			CreateAndSetChildDomain (5ms)
		EndReloadAssembly (3592ms)
			LoadAssemblies (387ms)
			RebuildTransferFunctionScriptingTraits (0ms)
			SetupTypeCache (1471ms)
			ReleaseScriptCaches (0ms)
			RebuildScriptCaches (223ms)
			SetupLoadedEditorAssemblies (1555ms)
				LogAssemblyErrors (0ms)
				InitializePlatformSupportModulesInManaged (13ms)
				SetLoadedEditorAssemblies (1ms)
				RefreshPlugins (527ms)
				BeforeProcessingInitializeOnLoad (8ms)
				ProcessInitializeOnLoadAttributes (761ms)
				ProcessInitializeOnLoadMethodAttributes (242ms)
				AfterProcessingInitializeOnLoad (0ms)
				EditorAssembliesLoaded (1ms)
			ExecutionOrderSort2 (0ms)
			AwakeInstancesAfterBackupRestoration (0ms)
Platform modules already initialized, skipping
Registering precompiled user dll's ...
Registered in 0.043672 seconds.
Begin MonoManager ReloadAssembly
Symbol file LoadedFromMemory doesn't match image C:\Users\TOSHIBA\Primer juego\Library\PackageCache\com.unity.visualscripting@1.6.1\Editor\VisualScripting.Core\Dependencies\YamlDotNet\Unity.VisualScripting.YamlDotNet.dll
Symbol file LoadedFromMemory doesn't match image C:\Users\TOSHIBA\Primer juego\Library\PackageCache\com.unity.visualscripting@1.6.1\Editor\VisualScripting.Core\Dependencies\DotNetZip\Unity.VisualScripting.IonicZip.dll
Refreshing native plugins compatible for Editor in 3.55 ms, found 3 plugins.
Preloading 0 native plugins for Editor in 0.00 ms.
Mono: successfully reloaded assembly
- Completed reload, in  8.344 seconds
Domain Reload Profiling:
	ReloadAssembly (8347ms)
		BeginReloadAssembly (1094ms)
			ExecutionOrderSort (0ms)
			DisableScriptedObjects (35ms)
			BackupInstance (0ms)
			ReleaseScriptingObjects (1ms)
			CreateAndSetChildDomain (114ms)
		EndReloadAssembly (6808ms)
			LoadAssemblies (659ms)
			RebuildTransferFunctionScriptingTraits (0ms)
			SetupTypeCache (2703ms)
			ReleaseScriptCaches (2ms)
			RebuildScriptCaches (370ms)
			SetupLoadedEditorAssemblies (2335ms)
				LogAssemblyErrors (0ms)
				InitializePlatformSupportModulesInManaged (13ms)
				SetLoadedEditorAssemblies (3ms)
				RefreshPlugins (4ms)
				BeforeProcessingInitializeOnLoad (476ms)
				ProcessInitializeOnLoadAttributes (1749ms)
				ProcessInitializeOnLoadMethodAttributes (36ms)
				AfterProcessingInitializeOnLoad (53ms)
				EditorAssembliesLoaded (2ms)
			ExecutionOrderSort2 (0ms)
			AwakeInstancesAfterBackupRestoration (49ms)
Platform modules already initialized, skipping
========================================================================
Worker process is ready to serve import requests
Launched and connected shader compiler UnityShaderCompiler.exe after 0.51 seconds
Refreshing native plugins compatible for Editor in 3.45 ms, found 3 plugins.
Preloading 0 native plugins for Editor in 0.00 ms.
Unloading 3110 Unused Serialized files (Serialized files now loaded: 0)
System memory in use before: 133.5 MB.
System memory in use after: 133.7 MB.

Unloading 34 unused Assets to reduce memory usage. Loaded Objects now: 3569.
Total: 14.119200 ms (FindLiveObjects: 1.905000 ms CreateObjectMapping: 0.940000 ms MarkObjects: 11.088200 ms  DeleteObjects: 0.179100 ms)

AssetImportParameters requested are different than current active one (requested -> active):
  custom:framework-win-MediaFoundation: 216162199b28c13a410421893ffa2e32 -> 
  custom:video-decoder-ogg-theora: a1e56fd34408186e4bbccfd4996cb3dc -> 
  custom:container-muxer-webm: aa71ff27fc2769a1b78a27578f13a17b -> 
  custom:container-demuxer-webm: 4f35f7cbe854078d1ac9338744f61a02 -> 
  custom:container-demuxer-ogg: 62fdf1f143b41e24485cea50d1cbac27 -> 
  custom:video-encoder-webm-vp8: eb34c28f22e8b96e1ab97ce403110664 -> 
  custom:video-decoder-webm-vp8: 9c59270c3fd7afecdb556c50c9e8de78 -> 
  custom:audio-decoder-ogg-vorbis: bf7c407c2cedff20999df2af8eb42d56 -> 
  custom:audio-encoder-webm-vorbis: bf7c407c2cedff20999df2af8eb42d56 -> 
========================================================================
Received Import Request.
  path: Assets/Prefab/DoctorSurvivor.prefab
  artifactKey: Guid(49c516905d534d5488f6ec55b13fce07) Importer(815301076,1909f56bfc062723c751e8b465ee728b)
Start importing Assets/Prefab/DoctorSurvivor.prefab using Guid(49c516905d534d5488f6ec55b13fce07) Importer(815301076,1909f56bfc062723c751e8b465ee728b)  -> (artifact id: '89e61e9f6bb14990cabc6c5d9afe2451') in 2.114329 seconds 
========================================================================
Received Import Request.
  Time since last request: 0.002014 seconds.
  path: Assets/Scripts/Misions/PasswordPanel.cs
  artifactKey: Guid(963ad2d0c1865eb4da12e66fe0b9e677) Importer(815301076,1909f56bfc062723c751e8b465ee728b)
Start importing Assets/Scripts/Misions/PasswordPanel.cs using Guid(963ad2d0c1865eb4da12e66fe0b9e677) Importer(815301076,1909f56bfc062723c751e8b465ee728b)  -> (artifact id: '8a342fdbe88e8ce615054e4e49637a26') in 0.378234 seconds 
========================================================================
Received Import Request.
  Time since last request: 0.001246 seconds.
  path: Assets/Prefab/MissionPassword.prefab
  artifactKey: Guid(76a18080b0e05de46aa602d0b465ba18) Importer(815301076,1909f56bfc062723c751e8b465ee728b)
Start importing Assets/Prefab/MissionPassword.prefab using Guid(76a18080b0e05de46aa602d0b465ba18) Importer(815301076,1909f56bfc062723c751e8b465ee728b)  -> (artifact id: '1e44d6dd7673defc27b4cceece0867a4') in 0.366592 seconds 
========================================================================
Received Import Request.
  Time since last request: 0.001486 seconds.
  path: Assets/Prefab/PanelPassword.prefab
  artifactKey: Guid(46650eb71f7f499488a48df8719814b4) Importer(815301076,1909f56bfc062723c751e8b465ee728b)
Start importing Assets/Prefab/PanelPassword.prefab using Guid(46650eb71f7f499488a48df8719814b4) Importer(815301076,1909f56bfc062723c751e8b465ee728b)  -> (artifact id: '69e23c522d06f63bd065b9f09f87c73d') in 0.493567 seconds 
========================================================================
Received Import Request.
  Time since last request: 0.001273 seconds.
  path: Assets/Scripts/Misions
  artifactKey: Guid(1caba6ef3cfa1bb44829467968460b4b) Importer(815301076,1909f56bfc062723c751e8b465ee728b)
Start importing Assets/Scripts/Misions using Guid(1caba6ef3cfa1bb44829467968460b4b) Importer(815301076,1909f56bfc062723c751e8b465ee728b)  -> (artifact id: '3b9a77274a4cfb22526cce8231d0d208') in 0.058550 seconds 
========================================================================
Received Import Request.
  Time since last request: 0.001104 seconds.
  path: Assets/Scripts/Misions/Mision.cs
  artifactKey: Guid(08324e2082467aa438e481d4909ba922) Importer(815301076,1909f56bfc062723c751e8b465ee728b)
Start importing Assets/Scripts/Misions/Mision.cs using Guid(08324e2082467aa438e481d4909ba922) Importer(815301076,1909f56bfc062723c751e8b465ee728b)  -> (artifact id: '5b06f79b1feec91545c9c6c06de257d8') in 0.078138 seconds 
========================================================================
Received Import Request.
  Time since last request: 1004.253458 seconds.
  path: Assets/Scripts/AnimationSurvivor.cs
  artifactKey: Guid(7f6620ceaba47fc4ab100253a0704a70) Importer(815301076,1909f56bfc062723c751e8b465ee728b)
Start importing Assets/Scripts/AnimationSurvivor.cs using Guid(7f6620ceaba47fc4ab100253a0704a70) Importer(815301076,1909f56bfc062723c751e8b465ee728b)  -> (artifact id: 'b92027b0b294fba9fd3032529a2804e0') in 0.311913 seconds 
========================================================================
Received Prepare
Registering precompiled user dll's ...
Registered in 0.439475 seconds.
Begin MonoManager ReloadAssembly
Symbol file LoadedFromMemory doesn't match image C:\Users\TOSHIBA\Primer juego\Library\PackageCache\com.unity.visualscripting@1.6.1\Editor\VisualScripting.Core\Dependencies\YamlDotNet\Unity.VisualScripting.YamlDotNet.dll
Symbol file LoadedFromMemory doesn't match image C:\Users\TOSHIBA\Primer juego\Library\PackageCache\com.unity.visualscripting@1.6.1\Editor\VisualScripting.Core\Dependencies\DotNetZip\Unity.VisualScripting.IonicZip.dll
Refreshing native plugins compatible for Editor in 4.23 ms, found 3 plugins.
Preloading 0 native plugins for Editor in 0.00 ms.
Mono: successfully reloaded assembly
- Completed reload, in  9.827 seconds
Domain Reload Profiling:
	ReloadAssembly (9829ms)
		BeginReloadAssembly (1183ms)
			ExecutionOrderSort (0ms)
			DisableScriptedObjects (32ms)
			BackupInstance (0ms)
			ReleaseScriptingObjects (1ms)
			CreateAndSetChildDomain (213ms)
		EndReloadAssembly (8096ms)
			LoadAssemblies (1919ms)
			RebuildTransferFunctionScriptingTraits (0ms)
			SetupTypeCache (2844ms)
			ReleaseScriptCaches (5ms)
			RebuildScriptCaches (322ms)
			SetupLoadedEditorAssemblies (2307ms)
				LogAssemblyErrors (0ms)
				InitializePlatformSupportModulesInManaged (15ms)
				SetLoadedEditorAssemblies (3ms)
				RefreshPlugins (5ms)
				BeforeProcessingInitializeOnLoad (398ms)
				ProcessInitializeOnLoadAttributes (1799ms)
				ProcessInitializeOnLoadMethodAttributes (37ms)
				AfterProcessingInitializeOnLoad (49ms)
				EditorAssembliesLoaded (2ms)
			ExecutionOrderSort2 (0ms)
			AwakeInstancesAfterBackupRestoration (54ms)
Platform modules already initialized, skipping
Switching build target platform(19) subTarget(0) extendedPlatform(0) -> platform(13) subTarget(537395200) extendedPlatform(0)
Refreshing native plugins compatible for Editor in 3.84 ms, found 3 plugins.
Preloading 0 native plugins for Editor in 0.00 ms.
Unloading 3094 Unused Serialized files (Serialized files now loaded: 0)
System memory in use before: 136.2 MB.
System memory in use after: 136.4 MB.

Unloading 32 unused Assets to reduce memory usage. Loaded Objects now: 3581.
Total: 14.859800 ms (FindLiveObjects: 2.126100 ms CreateObjectMapping: 0.921900 ms MarkObjects: 11.621600 ms  DeleteObjects: 0.183200 ms)

AssetImportParameters requested are different than current active one (requested -> active):
  custom:framework-win-MediaFoundation: 216162199b28c13a410421893ffa2e32 -> 
  custom:video-decoder-ogg-theora: a1e56fd34408186e4bbccfd4996cb3dc -> 
  custom:container-muxer-webm: aa71ff27fc2769a1b78a27578f13a17b -> 
  custom:container-demuxer-webm: 4f35f7cbe854078d1ac9338744f61a02 -> 
  custom:container-demuxer-ogg: 62fdf1f143b41e24485cea50d1cbac27 -> 
  custom:video-encoder-webm-vp8: eb34c28f22e8b96e1ab97ce403110664 -> 
  custom:video-decoder-webm-vp8: 9c59270c3fd7afecdb556c50c9e8de78 -> 
  custom:graphics/normal-map-encoding: 01000000000000000000000000000000 -> 02000000000000000000000000000000
  custom:audio-decoder-ogg-vorbis: bf7c407c2cedff20999df2af8eb42d56 -> 
  custom:audio-encoder-webm-vorbis: bf7c407c2cedff20999df2af8eb42d56 -> 
========================================================================
Received Prepare
Registering precompiled user dll's ...
Registered in 0.078941 seconds.
Begin MonoManager ReloadAssembly
Symbol file LoadedFromMemory doesn't match image C:\Users\TOSHIBA\Primer juego\Library\PackageCache\com.unity.visualscripting@1.6.1\Editor\VisualScripting.Core\Dependencies\YamlDotNet\Unity.VisualScripting.YamlDotNet.dll
Symbol file LoadedFromMemory doesn't match image C:\Users\TOSHIBA\Primer juego\Library\PackageCache\com.unity.visualscripting@1.6.1\Editor\VisualScripting.Core\Dependencies\DotNetZip\Unity.VisualScripting.IonicZip.dll
Refreshing native plugins compatible for Editor in 3.71 ms, found 3 plugins.
Preloading 0 native plugins for Editor in 0.00 ms.
Mono: successfully reloaded assembly
- Completed reload, in 11.326 seconds
Domain Reload Profiling:
	ReloadAssembly (11332ms)
		BeginReloadAssembly (938ms)
			ExecutionOrderSort (0ms)
			DisableScriptedObjects (37ms)
			BackupInstance (0ms)
			ReleaseScriptingObjects (1ms)
			CreateAndSetChildDomain (305ms)
		EndReloadAssembly (9756ms)
			LoadAssemblies (900ms)
			RebuildTransferFunctionScriptingTraits (0ms)
			SetupTypeCache (3790ms)
			ReleaseScriptCaches (5ms)
			RebuildScriptCaches (365ms)
			SetupLoadedEditorAssemblies (3002ms)
				LogAssemblyErrors (0ms)
				InitializePlatformSupportModulesInManaged (15ms)
				SetLoadedEditorAssemblies (4ms)
				RefreshPlugins (4ms)
				BeforeProcessingInitializeOnLoad (431ms)
				ProcessInitializeOnLoadAttributes (2357ms)
				ProcessInitializeOnLoadMethodAttributes (57ms)
				AfterProcessingInitializeOnLoad (132ms)
				EditorAssembliesLoaded (2ms)
			ExecutionOrderSort2 (0ms)
			AwakeInstancesAfterBackupRestoration (202ms)
Platform modules already initialized, skipping
Switching build target platform(19) subTarget(0) extendedPlatform(0) -> platform(13) subTarget(537395200) extendedPlatform(0)
Refreshing native plugins compatible for Editor in 3.93 ms, found 3 plugins.
Preloading 0 native plugins for Editor in 0.00 ms.
Unloading 3094 Unused Serialized files (Serialized files now loaded: 0)
System memory in use before: 136.2 MB.
System memory in use after: 136.5 MB.

Unloading 30 unused Assets to reduce memory usage. Loaded Objects now: 3584.
Total: 20.474600 ms (FindLiveObjects: 3.691200 ms CreateObjectMapping: 1.289900 ms MarkObjects: 15.176000 ms  DeleteObjects: 0.309800 ms)

AssetImportParameters requested are different than current active one (requested -> active):
  custom:framework-win-MediaFoundation: 216162199b28c13a410421893ffa2e32 -> 
  custom:video-decoder-ogg-theora: a1e56fd34408186e4bbccfd4996cb3dc -> 
  custom:container-muxer-webm: aa71ff27fc2769a1b78a27578f13a17b -> 
  custom:container-demuxer-webm: 4f35f7cbe854078d1ac9338744f61a02 -> 
  custom:container-demuxer-ogg: 62fdf1f143b41e24485cea50d1cbac27 -> 
  custom:video-encoder-webm-vp8: eb34c28f22e8b96e1ab97ce403110664 -> 
  custom:video-decoder-webm-vp8: 9c59270c3fd7afecdb556c50c9e8de78 -> 
  custom:graphics/normal-map-encoding: 01000000000000000000000000000000 -> 02000000000000000000000000000000
  custom:audio-decoder-ogg-vorbis: bf7c407c2cedff20999df2af8eb42d56 -> 
  custom:audio-encoder-webm-vorbis: bf7c407c2cedff20999df2af8eb42d56 -> 
========================================================================
Received Prepare
Registering precompiled user dll's ...
Registered in 0.314187 seconds.
Begin MonoManager ReloadAssembly
Symbol file LoadedFromMemory doesn't match image C:\Users\TOSHIBA\Primer juego\Library\PackageCache\com.unity.visualscripting@1.6.1\Editor\VisualScripting.Core\Dependencies\YamlDotNet\Unity.VisualScripting.YamlDotNet.dll
Symbol file LoadedFromMemory doesn't match image C:\Users\TOSHIBA\Primer juego\Library\PackageCache\com.unity.visualscripting@1.6.1\Editor\VisualScripting.Core\Dependencies\DotNetZip\Unity.VisualScripting.IonicZip.dll
Refreshing native plugins compatible for Editor in 3.79 ms, found 3 plugins.
Preloading 0 native plugins for Editor in 0.00 ms.
Mono: successfully reloaded assembly
- Completed reload, in  8.374 seconds
Domain Reload Profiling:
	ReloadAssembly (8376ms)
		BeginReloadAssembly (709ms)
			ExecutionOrderSort (0ms)
			DisableScriptedObjects (36ms)
			BackupInstance (0ms)
			ReleaseScriptingObjects (1ms)
			CreateAndSetChildDomain (205ms)
		EndReloadAssembly (6985ms)
			LoadAssemblies (698ms)
			RebuildTransferFunctionScriptingTraits (0ms)
			SetupTypeCache (2672ms)
			ReleaseScriptCaches (5ms)
			RebuildScriptCaches (308ms)
			SetupLoadedEditorAssemblies (2257ms)
				LogAssemblyErrors (0ms)
				InitializePlatformSupportModulesInManaged (14ms)
				SetLoadedEditorAssemblies (4ms)
				RefreshPlugins (4ms)
				BeforeProcessingInitializeOnLoad (393ms)
				ProcessInitializeOnLoadAttributes (1755ms)
				ProcessInitializeOnLoadMethodAttributes (35ms)
				AfterProcessingInitializeOnLoad (50ms)
				EditorAssembliesLoaded (2ms)
			ExecutionOrderSort2 (0ms)
			AwakeInstancesAfterBackupRestoration (56ms)
Platform modules already initialized, skipping
Switching build target platform(19) subTarget(0) extendedPlatform(0) -> platform(13) subTarget(537395200) extendedPlatform(0)
Refreshing native plugins compatible for Editor in 3.85 ms, found 3 plugins.
Preloading 0 native plugins for Editor in 0.00 ms.
Unloading 3094 Unused Serialized files (Serialized files now loaded: 0)
System memory in use before: 136.3 MB.
System memory in use after: 136.5 MB.

Unloading 30 unused Assets to reduce memory usage. Loaded Objects now: 3587.
Total: 18.753900 ms (FindLiveObjects: 3.072300 ms CreateObjectMapping: 1.460200 ms MarkObjects: 14.084300 ms  DeleteObjects: 0.128500 ms)

AssetImportParameters requested are different than current active one (requested -> active):
  custom:framework-win-MediaFoundation: 216162199b28c13a410421893ffa2e32 -> 
  custom:video-decoder-ogg-theora: a1e56fd34408186e4bbccfd4996cb3dc -> 
  custom:container-muxer-webm: aa71ff27fc2769a1b78a27578f13a17b -> 
  custom:container-demuxer-webm: 4f35f7cbe854078d1ac9338744f61a02 -> 
  custom:container-demuxer-ogg: 62fdf1f143b41e24485cea50d1cbac27 -> 
  custom:video-encoder-webm-vp8: eb34c28f22e8b96e1ab97ce403110664 -> 
  custom:video-decoder-webm-vp8: 9c59270c3fd7afecdb556c50c9e8de78 -> 
  custom:graphics/normal-map-encoding: 01000000000000000000000000000000 -> 02000000000000000000000000000000
  custom:audio-decoder-ogg-vorbis: bf7c407c2cedff20999df2af8eb42d56 -> 
  custom:audio-encoder-webm-vorbis: bf7c407c2cedff20999df2af8eb42d56 -> 
========================================================================
Received Import Request.
  Time since last request: 1700.411332 seconds.
  path: ProjectSettings/TagManager.asset
  artifactKey: Guid(00000000000000003000000000000000) Importer(815301076,1909f56bfc062723c751e8b465ee728b)
Start importing ProjectSettings/TagManager.asset using Guid(00000000000000003000000000000000) Importer(815301076,1909f56bfc062723c751e8b465ee728b)  -> (artifact id: '01a5c157f1d9f57b50d056f95e5e4a6d') in 0.213064 seconds 
========================================================================
Received Prepare
Registering precompiled user dll's ...
Registered in 0.069141 seconds.
Begin MonoManager ReloadAssembly
Symbol file LoadedFromMemory doesn't match image C:\Users\TOSHIBA\Primer juego\Library\PackageCache\com.unity.visualscripting@1.6.1\Editor\VisualScripting.Core\Dependencies\YamlDotNet\Unity.VisualScripting.YamlDotNet.dll
Symbol file LoadedFromMemory doesn't match image C:\Users\TOSHIBA\Primer juego\Library\PackageCache\com.unity.visualscripting@1.6.1\Editor\VisualScripting.Core\Dependencies\DotNetZip\Unity.VisualScripting.IonicZip.dll
Refreshing native plugins compatible for Editor in 4.50 ms, found 3 plugins.
Preloading 0 native plugins for Editor in 0.00 ms.
Mono: successfully reloaded assembly
- Completed reload, in 10.822 seconds
Domain Reload Profiling:
	ReloadAssembly (10826ms)
		BeginReloadAssembly (791ms)
			ExecutionOrderSort (0ms)
			DisableScriptedObjects (50ms)
			BackupInstance (0ms)
			ReleaseScriptingObjects (1ms)
			CreateAndSetChildDomain (206ms)
		EndReloadAssembly (9405ms)
			LoadAssemblies (1120ms)
			RebuildTransferFunctionScriptingTraits (0ms)
			SetupTypeCache (3783ms)
			ReleaseScriptCaches (5ms)
			RebuildScriptCaches (325ms)
			SetupLoadedEditorAssemblies (3116ms)
				LogAssemblyErrors (0ms)
				InitializePlatformSupportModulesInManaged (15ms)
				SetLoadedEditorAssemblies (3ms)
				RefreshPlugins (5ms)
				BeforeProcessingInitializeOnLoad (534ms)
				ProcessInitializeOnLoadAttributes (2441ms)
				ProcessInitializeOnLoadMethodAttributes (57ms)
				AfterProcessingInitializeOnLoad (59ms)
				EditorAssembliesLoaded (2ms)
			ExecutionOrderSort2 (0ms)
			AwakeInstancesAfterBackupRestoration (55ms)
Platform modules already initialized, skipping
Switching build target platform(19) subTarget(0) extendedPlatform(0) -> platform(13) subTarget(537395200) extendedPlatform(0)
Refreshing native plugins compatible for Editor in 39.81 ms, found 3 plugins.
Preloading 0 native plugins for Editor in 0.00 ms.
Unloading 3094 Unused Serialized files (Serialized files now loaded: 0)
System memory in use before: 136.3 MB.
System memory in use after: 136.5 MB.

Unloading 31 unused Assets to reduce memory usage. Loaded Objects now: 3590.
Total: 15.094300 ms (FindLiveObjects: 2.409000 ms CreateObjectMapping: 0.967900 ms MarkObjects: 11.490900 ms  DeleteObjects: 0.218900 ms)

AssetImportParameters requested are different than current active one (requested -> active):
  custom:framework-win-MediaFoundation: 216162199b28c13a410421893ffa2e32 -> 
  custom:video-decoder-ogg-theora: a1e56fd34408186e4bbccfd4996cb3dc -> 
  custom:container-muxer-webm: aa71ff27fc2769a1b78a27578f13a17b -> 
  custom:container-demuxer-webm: 4f35f7cbe854078d1ac9338744f61a02 -> 
  custom:container-demuxer-ogg: 62fdf1f143b41e24485cea50d1cbac27 -> 
  custom:video-encoder-webm-vp8: eb34c28f22e8b96e1ab97ce403110664 -> 
  custom:video-decoder-webm-vp8: 9c59270c3fd7afecdb556c50c9e8de78 -> 
  custom:graphics/normal-map-encoding: 01000000000000000000000000000000 -> 02000000000000000000000000000000
  custom:audio-decoder-ogg-vorbis: bf7c407c2cedff20999df2af8eb42d56 -> 
  custom:audio-encoder-webm-vorbis: bf7c407c2cedff20999df2af8eb42d56 -> 
========================================================================
Received Import Request.
  Time since last request: 451.504879 seconds.
  path: Assets/Prefab/MissionPassword.prefab
  artifactKey: Guid(76a18080b0e05de46aa602d0b465ba18) Importer(815301076,1909f56bfc062723c751e8b465ee728b)
Start importing Assets/Prefab/MissionPassword.prefab using Guid(76a18080b0e05de46aa602d0b465ba18) Importer(815301076,1909f56bfc062723c751e8b465ee728b)  -> (artifact id: '3f5128ee2c98f7ae6c1d1b8f1834ec30') in 1.052084 seconds 
========================================================================
Received Prepare
Registering precompiled user dll's ...
Registered in 0.064859 seconds.
Begin MonoManager ReloadAssembly
Symbol file LoadedFromMemory doesn't match image C:\Users\TOSHIBA\Primer juego\Library\PackageCache\com.unity.visualscripting@1.6.1\Editor\VisualScripting.Core\Dependencies\YamlDotNet\Unity.VisualScripting.YamlDotNet.dll
Symbol file LoadedFromMemory doesn't match image C:\Users\TOSHIBA\Primer juego\Library\PackageCache\com.unity.visualscripting@1.6.1\Editor\VisualScripting.Core\Dependencies\DotNetZip\Unity.VisualScripting.IonicZip.dll
Refreshing native plugins compatible for Editor in 3.94 ms, found 3 plugins.
Preloading 0 native plugins for Editor in 0.00 ms.
Mono: successfully reloaded assembly
- Completed reload, in 13.407 seconds
Domain Reload Profiling:
	ReloadAssembly (13409ms)
		BeginReloadAssembly (894ms)
			ExecutionOrderSort (0ms)
			DisableScriptedObjects (61ms)
			BackupInstance (0ms)
			ReleaseScriptingObjects (1ms)
			CreateAndSetChildDomain (256ms)
		EndReloadAssembly (11920ms)
			LoadAssemblies (936ms)
			RebuildTransferFunctionScriptingTraits (0ms)
			SetupTypeCache (3378ms)
			ReleaseScriptCaches (5ms)
			RebuildScriptCaches (429ms)
			SetupLoadedEditorAssemblies (2997ms)
				LogAssemblyErrors (0ms)
				InitializePlatformSupportModulesInManaged (15ms)
				SetLoadedEditorAssemblies (3ms)
				RefreshPlugins (4ms)
				BeforeProcessingInitializeOnLoad (516ms)
				ProcessInitializeOnLoadAttributes (2350ms)
				ProcessInitializeOnLoadMethodAttributes (48ms)
				AfterProcessingInitializeOnLoad (59ms)
				EditorAssembliesLoaded (2ms)
			ExecutionOrderSort2 (0ms)
			AwakeInstancesAfterBackupRestoration (98ms)
Platform modules already initialized, skipping
Switching build target platform(19) subTarget(0) extendedPlatform(0) -> platform(13) subTarget(537395200) extendedPlatform(0)
Refreshing native plugins compatible for Editor in 3.84 ms, found 3 plugins.
Preloading 0 native plugins for Editor in 0.00 ms.
Unloading 3094 Unused Serialized files (Serialized files now loaded: 0)
System memory in use before: 136.3 MB.
System memory in use after: 136.6 MB.

Unloading 31 unused Assets to reduce memory usage. Loaded Objects now: 3593.
Total: 17.293600 ms (FindLiveObjects: 2.888100 ms CreateObjectMapping: 1.344100 ms MarkObjects: 12.683400 ms  DeleteObjects: 0.369900 ms)

AssetImportParameters requested are different than current active one (requested -> active):
  custom:framework-win-MediaFoundation: 216162199b28c13a410421893ffa2e32 -> 
  custom:video-decoder-ogg-theora: a1e56fd34408186e4bbccfd4996cb3dc -> 
  custom:container-muxer-webm: aa71ff27fc2769a1b78a27578f13a17b -> 
  custom:container-demuxer-webm: 4f35f7cbe854078d1ac9338744f61a02 -> 
  custom:container-demuxer-ogg: 62fdf1f143b41e24485cea50d1cbac27 -> 
  custom:video-encoder-webm-vp8: eb34c28f22e8b96e1ab97ce403110664 -> 
  custom:video-decoder-webm-vp8: 9c59270c3fd7afecdb556c50c9e8de78 -> 
  custom:graphics/normal-map-encoding: 01000000000000000000000000000000 -> 02000000000000000000000000000000
  custom:audio-decoder-ogg-vorbis: bf7c407c2cedff20999df2af8eb42d56 -> 
  custom:audio-encoder-webm-vorbis: bf7c407c2cedff20999df2af8eb42d56 -> 
========================================================================
Received Import Request.
  Time since last request: 469.295505 seconds.
  path: Assets/Prefab/PanelPassword.prefab
  artifactKey: Guid(46650eb71f7f499488a48df8719814b4) Importer(815301076,1909f56bfc062723c751e8b465ee728b)
Start importing Assets/Prefab/PanelPassword.prefab using Guid(46650eb71f7f499488a48df8719814b4) Importer(815301076,1909f56bfc062723c751e8b465ee728b)  -> (artifact id: '237210f29cbf360f8068c782cfc9cc26') in 1.149067 seconds 
========================================================================
Received Prepare
Registering precompiled user dll's ...
Registered in 2.879314 seconds.
Begin MonoManager ReloadAssembly
Symbol file LoadedFromMemory doesn't match image C:\Users\TOSHIBA\Primer juego\Library\PackageCache\com.unity.visualscripting@1.6.1\Editor\VisualScripting.Core\Dependencies\YamlDotNet\Unity.VisualScripting.YamlDotNet.dll
Symbol file LoadedFromMemory doesn't match image C:\Users\TOSHIBA\Primer juego\Library\PackageCache\com.unity.visualscripting@1.6.1\Editor\VisualScripting.Core\Dependencies\DotNetZip\Unity.VisualScripting.IonicZip.dll
Refreshing native plugins compatible for Editor in 3.73 ms, found 3 plugins.
Preloading 0 native plugins for Editor in 0.00 ms.
Mono: successfully reloaded assembly
- Completed reload, in 25.470 seconds
Domain Reload Profiling:
	ReloadAssembly (25473ms)
		BeginReloadAssembly (3346ms)
			ExecutionOrderSort (0ms)
			DisableScriptedObjects (35ms)
			BackupInstance (0ms)
			ReleaseScriptingObjects (1ms)
			CreateAndSetChildDomain (1246ms)
		EndReloadAssembly (21034ms)
			LoadAssemblies (3550ms)
			RebuildTransferFunctionScriptingTraits (0ms)
			SetupTypeCache (4648ms)
			ReleaseScriptCaches (28ms)
			RebuildScriptCaches (2653ms)
			SetupLoadedEditorAssemblies (6998ms)
				LogAssemblyErrors (0ms)
				InitializePlatformSupportModulesInManaged (17ms)
				SetLoadedEditorAssemblies (3ms)
				RefreshPlugins (4ms)
				BeforeProcessingInitializeOnLoad (1066ms)
				ProcessInitializeOnLoadAttributes (5785ms)
				ProcessInitializeOnLoadMethodAttributes (63ms)
				AfterProcessingInitializeOnLoad (59ms)
				EditorAssembliesLoaded (2ms)
			ExecutionOrderSort2 (0ms)
			AwakeInstancesAfterBackupRestoration (58ms)
Platform modules already initialized, skipping
Switching build target platform(19) subTarget(0) extendedPlatform(0) -> platform(13) subTarget(537395200) extendedPlatform(0)
Refreshing native plugins compatible for Editor in 3.79 ms, found 3 plugins.
Preloading 0 native plugins for Editor in 0.00 ms.
Unloading 3094 Unused Serialized files (Serialized files now loaded: 0)
System memory in use before: 136.3 MB.
System memory in use after: 136.6 MB.

Unloading 31 unused Assets to reduce memory usage. Loaded Objects now: 3597.
Total: 42.597400 ms (FindLiveObjects: 2.040200 ms CreateObjectMapping: 1.003300 ms MarkObjects: 39.392400 ms  DeleteObjects: 0.153300 ms)

AssetImportParameters requested are different than current active one (requested -> active):
  custom:framework-win-MediaFoundation: 216162199b28c13a410421893ffa2e32 -> 
  custom:video-decoder-ogg-theora: a1e56fd34408186e4bbccfd4996cb3dc -> 
  custom:container-muxer-webm: aa71ff27fc2769a1b78a27578f13a17b -> 
  custom:container-demuxer-webm: 4f35f7cbe854078d1ac9338744f61a02 -> 
  custom:container-demuxer-ogg: 62fdf1f143b41e24485cea50d1cbac27 -> 
  custom:video-encoder-webm-vp8: eb34c28f22e8b96e1ab97ce403110664 -> 
  custom:video-decoder-webm-vp8: 9c59270c3fd7afecdb556c50c9e8de78 -> 
  custom:graphics/normal-map-encoding: 01000000000000000000000000000000 -> 02000000000000000000000000000000
  custom:audio-decoder-ogg-vorbis: bf7c407c2cedff20999df2af8eb42d56 -> 
  custom:audio-encoder-webm-vorbis: bf7c407c2cedff20999df2af8eb42d56 -> 
========================================================================
Received Prepare
Registering precompiled user dll's ...
Registered in 1.506259 seconds.
Begin MonoManager ReloadAssembly
Symbol file LoadedFromMemory doesn't match image C:\Users\TOSHIBA\Primer juego\Library\PackageCache\com.unity.visualscripting@1.6.1\Editor\VisualScripting.Core\Dependencies\YamlDotNet\Unity.VisualScripting.YamlDotNet.dll
Symbol file LoadedFromMemory doesn't match image C:\Users\TOSHIBA\Primer juego\Library\PackageCache\com.unity.visualscripting@1.6.1\Editor\VisualScripting.Core\Dependencies\DotNetZip\Unity.VisualScripting.IonicZip.dll
Refreshing native plugins compatible for Editor in 24.60 ms, found 3 plugins.
Preloading 0 native plugins for Editor in 0.00 ms.
Mono: successfully reloaded assembly
- Completed reload, in 12.386 seconds
Domain Reload Profiling:
	ReloadAssembly (12388ms)
		BeginReloadAssembly (900ms)
			ExecutionOrderSort (0ms)
			DisableScriptedObjects (54ms)
			BackupInstance (0ms)
			ReleaseScriptingObjects (1ms)
			CreateAndSetChildDomain (221ms)
		EndReloadAssembly (10859ms)
			LoadAssemblies (891ms)
			RebuildTransferFunctionScriptingTraits (0ms)
			SetupTypeCache (3683ms)
			ReleaseScriptCaches (5ms)
			RebuildScriptCaches (365ms)
			SetupLoadedEditorAssemblies (4114ms)
				LogAssemblyErrors (0ms)
				InitializePlatformSupportModulesInManaged (15ms)
				SetLoadedEditorAssemblies (3ms)
				RefreshPlugins (25ms)
				BeforeProcessingInitializeOnLoad (500ms)
				ProcessInitializeOnLoadAttributes (3460ms)
				ProcessInitializeOnLoadMethodAttributes (52ms)
				AfterProcessingInitializeOnLoad (56ms)
				EditorAssembliesLoaded (2ms)
			ExecutionOrderSort2 (0ms)
			AwakeInstancesAfterBackupRestoration (85ms)
Platform modules already initialized, skipping
Switching build target platform(19) subTarget(0) extendedPlatform(0) -> platform(13) subTarget(537395200) extendedPlatform(0)
Refreshing native plugins compatible for Editor in 3.85 ms, found 3 plugins.
Preloading 0 native plugins for Editor in 0.00 ms.
Unloading 3094 Unused Serialized files (Serialized files now loaded: 0)
System memory in use before: 136.3 MB.
System memory in use after: 136.6 MB.

Unloading 30 unused Assets to reduce memory usage. Loaded Objects now: 3600.
Total: 21.687600 ms (FindLiveObjects: 3.519000 ms CreateObjectMapping: 1.052100 ms MarkObjects: 16.982700 ms  DeleteObjects: 0.126000 ms)

AssetImportParameters requested are different than current active one (requested -> active):
  custom:framework-win-MediaFoundation: 216162199b28c13a410421893ffa2e32 -> 
  custom:video-decoder-ogg-theora: a1e56fd34408186e4bbccfd4996cb3dc -> 
  custom:container-muxer-webm: aa71ff27fc2769a1b78a27578f13a17b -> 
  custom:container-demuxer-webm: 4f35f7cbe854078d1ac9338744f61a02 -> 
  custom:container-demuxer-ogg: 62fdf1f143b41e24485cea50d1cbac27 -> 
  custom:video-encoder-webm-vp8: eb34c28f22e8b96e1ab97ce403110664 -> 
  custom:video-decoder-webm-vp8: 9c59270c3fd7afecdb556c50c9e8de78 -> 
  custom:graphics/normal-map-encoding: 01000000000000000000000000000000 -> 02000000000000000000000000000000
  custom:audio-decoder-ogg-vorbis: bf7c407c2cedff20999df2af8eb42d56 -> 
  custom:audio-encoder-webm-vorbis: bf7c407c2cedff20999df2af8eb42d56 -> 
========================================================================
Received Prepare
Registering precompiled user dll's ...
Registered in 0.046598 seconds.
Begin MonoManager ReloadAssembly
Symbol file LoadedFromMemory doesn't match image C:\Users\TOSHIBA\Primer juego\Library\PackageCache\com.unity.visualscripting@1.6.1\Editor\VisualScripting.Core\Dependencies\YamlDotNet\Unity.VisualScripting.YamlDotNet.dll
Symbol file LoadedFromMemory doesn't match image C:\Users\TOSHIBA\Primer juego\Library\PackageCache\com.unity.visualscripting@1.6.1\Editor\VisualScripting.Core\Dependencies\DotNetZip\Unity.VisualScripting.IonicZip.dll
Refreshing native plugins compatible for Editor in 4.26 ms, found 3 plugins.
Preloading 0 native plugins for Editor in 0.00 ms.
Mono: successfully reloaded assembly
- Completed reload, in  9.794 seconds
Domain Reload Profiling:
	ReloadAssembly (9796ms)
		BeginReloadAssembly (743ms)
			ExecutionOrderSort (0ms)
			DisableScriptedObjects (36ms)
			BackupInstance (0ms)
			ReleaseScriptingObjects (1ms)
			CreateAndSetChildDomain (207ms)
		EndReloadAssembly (8557ms)
			LoadAssemblies (722ms)
			RebuildTransferFunctionScriptingTraits (0ms)
			SetupTypeCache (2952ms)
			ReleaseScriptCaches (5ms)
			RebuildScriptCaches (316ms)
			SetupLoadedEditorAssemblies (3011ms)
				LogAssemblyErrors (0ms)
				InitializePlatformSupportModulesInManaged (15ms)
				SetLoadedEditorAssemblies (3ms)
				RefreshPlugins (5ms)
				BeforeProcessingInitializeOnLoad (603ms)
				ProcessInitializeOnLoadAttributes (2249ms)
				ProcessInitializeOnLoadMethodAttributes (36ms)
				AfterProcessingInitializeOnLoad (98ms)
				EditorAssembliesLoaded (2ms)
			ExecutionOrderSort2 (0ms)
			AwakeInstancesAfterBackupRestoration (59ms)
Platform modules already initialized, skipping
Switching build target platform(19) subTarget(0) extendedPlatform(0) -> platform(13) subTarget(537395200) extendedPlatform(0)
Refreshing native plugins compatible for Editor in 9.64 ms, found 3 plugins.
Preloading 0 native plugins for Editor in 0.00 ms.
Unloading 3094 Unused Serialized files (Serialized files now loaded: 0)
System memory in use before: 136.4 MB.
System memory in use after: 136.6 MB.

Unloading 30 unused Assets to reduce memory usage. Loaded Objects now: 3603.
Total: 18.203600 ms (FindLiveObjects: 2.501400 ms CreateObjectMapping: 0.897600 ms MarkObjects: 14.658500 ms  DeleteObjects: 0.138200 ms)

AssetImportParameters requested are different than current active one (requested -> active):
  custom:framework-win-MediaFoundation: 216162199b28c13a410421893ffa2e32 -> 
  custom:video-decoder-ogg-theora: a1e56fd34408186e4bbccfd4996cb3dc -> 
  custom:container-muxer-webm: aa71ff27fc2769a1b78a27578f13a17b -> 
  custom:container-demuxer-webm: 4f35f7cbe854078d1ac9338744f61a02 -> 
  custom:container-demuxer-ogg: 62fdf1f143b41e24485cea50d1cbac27 -> 
  custom:video-encoder-webm-vp8: eb34c28f22e8b96e1ab97ce403110664 -> 
  custom:video-decoder-webm-vp8: 9c59270c3fd7afecdb556c50c9e8de78 -> 
  custom:graphics/normal-map-encoding: 01000000000000000000000000000000 -> 02000000000000000000000000000000
  custom:audio-decoder-ogg-vorbis: bf7c407c2cedff20999df2af8eb42d56 -> 
  custom:audio-encoder-webm-vorbis: bf7c407c2cedff20999df2af8eb42d56 -> 
========================================================================
Received Import Request.
  Time since last request: 76259.146940 seconds.
  path: Assets/Prefab/DoctorSurvivor.prefab
  artifactKey: Guid(49c516905d534d5488f6ec55b13fce07) Importer(815301076,1909f56bfc062723c751e8b465ee728b)
Start importing Assets/Prefab/DoctorSurvivor.prefab using Guid(49c516905d534d5488f6ec55b13fce07) Importer(815301076,1909f56bfc062723c751e8b465ee728b)  -> (artifact id: '7ade93e7ef2e35a25725a0cfc328eb9b') in 1.948086 seconds 
========================================================================
Received Import Request.
  Time since last request: 0.015190 seconds.
  path: Assets/Prefab/MissionPassword.prefab
  artifactKey: Guid(76a18080b0e05de46aa602d0b465ba18) Importer(815301076,1909f56bfc062723c751e8b465ee728b)
Start importing Assets/Prefab/MissionPassword.prefab using Guid(76a18080b0e05de46aa602d0b465ba18) Importer(815301076,1909f56bfc062723c751e8b465ee728b)  -> (artifact id: '8daa6e9db2a4232d2bac98c36e1282e6') in 0.468647 seconds 
========================================================================
Received Import Request.
  Time since last request: 0.001165 seconds.
  path: Assets/Prefab/PanelPassword.prefab
  artifactKey: Guid(46650eb71f7f499488a48df8719814b4) Importer(815301076,1909f56bfc062723c751e8b465ee728b)
Start importing Assets/Prefab/PanelPassword.prefab using Guid(46650eb71f7f499488a48df8719814b4) Importer(815301076,1909f56bfc062723c751e8b465ee728b)  -> (artifact id: '95c4d99b7e2a8df48b7f4ba0cc14fc65') in 0.595151 seconds 
========================================================================
Received Import Request.
  Time since last request: 115.041001 seconds.
  path: Assets/Prefab/MissionPassword.prefab
  artifactKey: Guid(76a18080b0e05de46aa602d0b465ba18) Importer(815301076,1909f56bfc062723c751e8b465ee728b)
Start importing Assets/Prefab/MissionPassword.prefab using Guid(76a18080b0e05de46aa602d0b465ba18) Importer(815301076,1909f56bfc062723c751e8b465ee728b)  -> (artifact id: '71073a4773bf5c52530ec80f4f4fba8f') in 0.398984 seconds 
========================================================================
Received Import Request.
  Time since last request: 0.632122 seconds.
  path: Assets/Prefab/MissionPassword.prefab
  artifactKey: Guid(76a18080b0e05de46aa602d0b465ba18) Importer(815301076,1909f56bfc062723c751e8b465ee728b)
Start importing Assets/Prefab/MissionPassword.prefab using Guid(76a18080b0e05de46aa602d0b465ba18) Importer(815301076,1909f56bfc062723c751e8b465ee728b)  -> (artifact id: 'c1f8e31d6c8199e1027f05c18ae18fec') in 0.472184 seconds 
========================================================================
Received Import Request.
  Time since last request: 2.364954 seconds.
  path: Assets/Prefab/MissionPassword.prefab
  artifactKey: Guid(76a18080b0e05de46aa602d0b465ba18) Importer(815301076,1909f56bfc062723c751e8b465ee728b)
Start importing Assets/Prefab/MissionPassword.prefab using Guid(76a18080b0e05de46aa602d0b465ba18) Importer(815301076,1909f56bfc062723c751e8b465ee728b)  -> (artifact id: '65905acd5f90af44b91db1848cb1fe17') in 0.304758 seconds 
========================================================================
Received Import Request.
  Time since last request: 1.383915 seconds.
  path: Assets/Prefab/MissionPassword.prefab
  artifactKey: Guid(76a18080b0e05de46aa602d0b465ba18) Importer(815301076,1909f56bfc062723c751e8b465ee728b)
Start importing Assets/Prefab/MissionPassword.prefab using Guid(76a18080b0e05de46aa602d0b465ba18) Importer(815301076,1909f56bfc062723c751e8b465ee728b)  -> (artifact id: 'bfd5e585ce93992b5086486662ab633a') in 0.314954 seconds 
========================================================================
Received Import Request.
  Time since last request: 0.968701 seconds.
  path: Assets/Prefab/MissionPassword.prefab
  artifactKey: Guid(76a18080b0e05de46aa602d0b465ba18) Importer(815301076,1909f56bfc062723c751e8b465ee728b)
Start importing Assets/Prefab/MissionPassword.prefab using Guid(76a18080b0e05de46aa602d0b465ba18) Importer(815301076,1909f56bfc062723c751e8b465ee728b)  -> (artifact id: '0cd59cba445913f7808ece69d1dcc39b') in 0.322347 seconds 
========================================================================
Received Import Request.
  Time since last request: 0.613715 seconds.
  path: Assets/Prefab/MissionPassword.prefab
  artifactKey: Guid(76a18080b0e05de46aa602d0b465ba18) Importer(815301076,1909f56bfc062723c751e8b465ee728b)
Start importing Assets/Prefab/MissionPassword.prefab using Guid(76a18080b0e05de46aa602d0b465ba18) Importer(815301076,1909f56bfc062723c751e8b465ee728b)  -> (artifact id: 'c089d95e981161702dd5e77722aa2beb') in 0.358907 seconds 
========================================================================
Received Import Request.
  Time since last request: 2.214993 seconds.
  path: Assets/Prefab/MissionPassword.prefab
  artifactKey: Guid(76a18080b0e05de46aa602d0b465ba18) Importer(815301076,1909f56bfc062723c751e8b465ee728b)
Start importing Assets/Prefab/MissionPassword.prefab using Guid(76a18080b0e05de46aa602d0b465ba18) Importer(815301076,1909f56bfc062723c751e8b465ee728b)  -> (artifact id: '5b6ac806b101e029e0f785e126c82e38') in 0.434890 seconds 
========================================================================
Received Import Request.
  Time since last request: 0.411079 seconds.
  path: Assets/Prefab/MissionPassword.prefab
  artifactKey: Guid(76a18080b0e05de46aa602d0b465ba18) Importer(815301076,1909f56bfc062723c751e8b465ee728b)
Start importing Assets/Prefab/MissionPassword.prefab using Guid(76a18080b0e05de46aa602d0b465ba18) Importer(815301076,1909f56bfc062723c751e8b465ee728b)  -> (artifact id: '80858977fa04231c0fe512a9d98bfd60') in 0.304526 seconds 
========================================================================
Received Import Request.
  Time since last request: 94.032837 seconds.
  path: Assets/Prefab/MissionPassword.prefab
  artifactKey: Guid(76a18080b0e05de46aa602d0b465ba18) Importer(815301076,1909f56bfc062723c751e8b465ee728b)
Start importing Assets/Prefab/MissionPassword.prefab using Guid(76a18080b0e05de46aa602d0b465ba18) Importer(815301076,1909f56bfc062723c751e8b465ee728b)  -> (artifact id: 'd69b5278dec363c51a2116c99d8d908b') in 0.477696 seconds 
========================================================================
Received Import Request.
  Time since last request: 0.280774 seconds.
  path: Assets/Prefab/MissionPassword.prefab
  artifactKey: Guid(76a18080b0e05de46aa602d0b465ba18) Importer(815301076,1909f56bfc062723c751e8b465ee728b)
Start importing Assets/Prefab/MissionPassword.prefab using Guid(76a18080b0e05de46aa602d0b465ba18) Importer(815301076,1909f56bfc062723c751e8b465ee728b)  -> (artifact id: '6cc1937c8c9c5e9ba40a6987edad8485') in 0.483179 seconds 
========================================================================
Received Import Request.
  Time since last request: 4993.694298 seconds.
  path: Assets/Prefab/MissionPassword.prefab
  artifactKey: Guid(76a18080b0e05de46aa602d0b465ba18) Importer(815301076,1909f56bfc062723c751e8b465ee728b)
Start importing Assets/Prefab/MissionPassword.prefab using Guid(76a18080b0e05de46aa602d0b465ba18) Importer(815301076,1909f56bfc062723c751e8b465ee728b)  -> (artifact id: '530dec6650886089b85b7bbb585551eb') in 0.508981 seconds 
========================================================================
Received Import Request.
  Time since last request: 94.772521 seconds.
  path: Assets/Prefab/MissionPassword.prefab
  artifactKey: Guid(76a18080b0e05de46aa602d0b465ba18) Importer(815301076,1909f56bfc062723c751e8b465ee728b)
Start importing Assets/Prefab/MissionPassword.prefab using Guid(76a18080b0e05de46aa602d0b465ba18) Importer(815301076,1909f56bfc062723c751e8b465ee728b)  -> (artifact id: 'eb0866bab30d0e8d28cd611e61100d1f') in 0.297056 seconds 
